#
# There is insufficient memory for the Java Runtime Environment to continue.
# Native memory allocation (malloc) failed to allocate 1326576 bytes for Chunk::new
# Possible reasons:
#   The system is out of physical RAM or swap space
#   The process is running with CompressedOops enabled, and the Java Heap may be blocking the growth of the native heap
# Possible solutions:
#   Reduce memory load on the system
#   Increase physical memory or swap space
#   Check if swap backing store is full
#   Decrease Java heap size (-Xmx/-Xms)
#   Decrease number of Java threads
#   Decrease Java thread stack sizes (-Xss)
#   Set larger code cache with -XX:ReservedCodeCacheSize=
#   JVM is running with Unscaled Compressed Oops mode in which the Java heap is
#     placed in the first 4GB address space. The Java Heap base address is the
#     maximum limit for the native heap growth. Please use -XX:HeapBaseMinAddress
#     to set the Java Heap base and to place the Java Heap above 4GB virtual address.
# This output file may be truncated or incomplete.
#
#  Out of Memory Error (./src/hotspot/share/memory/arena.cpp:197), pid=20664, tid=18076
#
# JRE version: OpenJDK Runtime Environment (11.0.11+9) (build 11.0.11+9-b60-7590822)
# Java VM: OpenJDK 64-Bit Server VM (11.0.11+9-b60-7590822, mixed mode, tiered, compressed oops, g1 gc, windows-amd64)
# No core dump will be written. Minidumps are not enabled by default on client versions of Windows
#

---------------  S U M M A R Y ------------

Command Line: --add-opens=java.base/java.util=ALL-UNNAMED --add-opens=java.base/java.lang=ALL-UNNAMED --add-opens=java.base/java.lang.invoke=ALL-UNNAMED --add-opens=java.base/java.util=ALL-UNNAMED --add-opens=java.prefs/java.util.prefs=ALL-UNNAMED --add-opens=java.prefs/java.util.prefs=ALL-UNNAMED --add-opens=java.base/java.nio.charset=ALL-UNNAMED --add-opens=java.base/java.net=ALL-UNNAMED --add-opens=java.base/java.util.concurrent.atomic=ALL-UNNAMED -Xmx2048m -Dfile.encoding=UTF-8 -Duser.country=US -Duser.language=en -Duser.variant org.gradle.launcher.daemon.bootstrap.GradleDaemon 7.2

Host: AMD Ryzen 5 2500U with Radeon Vega Mobile Gfx  , 8 cores, 6G,  Windows 10 , 64 bit Build 19041 (10.0.19041.1645)
Time: Tue Apr 26 04:14:30 2022 SE Asia Standard Time elapsed time: 55.411143 seconds (0d 0h 0m 55s)

---------------  T H R E A D  ---------------

Current thread (0x000001bee000f000):  JavaThread "C2 CompilerThread0" daemon [_thread_in_native, id=18076, stack(0x0000009909000000,0x0000009909100000)]


Current CompileTask:
C2:  55411 10529       4       org.gradle.cache.internal.btree.CachingBlockStore::read (56 bytes)

Stack: [0x0000009909000000,0x0000009909100000]
Native frames: (J=compiled Java code, j=interpreted, Vv=VM code, C=native code)
V  [jvm.dll+0x5f214a]
V  [jvm.dll+0x726fb5]
V  [jvm.dll+0x7285cd]
V  [jvm.dll+0x728c83]
V  [jvm.dll+0x243278]
V  [jvm.dll+0xbc53c]
V  [jvm.dll+0xbca3c]
V  [jvm.dll+0x353e7d]
V  [jvm.dll+0x321893]
V  [jvm.dll+0x320d8a]
V  [jvm.dll+0x1fc1e2]
V  [jvm.dll+0x1fb3d4]
V  [jvm.dll+0x183d6c]
V  [jvm.dll+0x209a57]
V  [jvm.dll+0x2082a1]
V  [jvm.dll+0x6ef58f]
V  [jvm.dll+0x6e80b5]
V  [jvm.dll+0x5f1036]
C  [ucrtbase.dll+0x21bb2]
C  [KERNEL32.DLL+0x17034]
C  [ntdll.dll+0x52651]


---------------  P R O C E S S  ---------------

Threads class SMR info:
_java_thread_list=0x000001bee6a06790, length=123, elements={
0x000001bec5459000, 0x000001bedffec800, 0x000001bedfff0000, 0x000001bee0008000,
0x000001bee0009800, 0x000001bee000b000, 0x000001bee000f000, 0x000001bee0012800,
0x000001bee0039000, 0x000001bee0ac2000, 0x000001bee0ac1000, 0x000001bee0abe800,
0x000001bee0ac5000, 0x000001bee0abf800, 0x000001bee0ac3800, 0x000001bee0ac2800,
0x000001bee0ac0800, 0x000001bee0ac4800, 0x000001bee14bf000, 0x000001bee14be800,
0x000001bee14b9800, 0x000001bee14c0000, 0x000001bee14ba000, 0x000001bee14c0800,
0x000001bee14bb000, 0x000001bee14bc000, 0x000001bee14bd800, 0x000001bee14c1800,
0x000001bee14c2800, 0x000001bee14bc800, 0x000001bee14c5800, 0x000001bee14c3000,
0x000001bee14c4000, 0x000001bee14c7800, 0x000001bee14c8000, 0x000001bee14c5000,
0x000001bee14c6800, 0x000001bee35bc000, 0x000001bee35bc800, 0x000001bee35bd800,
0x000001bee35c3000, 0x000001bee35c4000, 0x000001bee35c0000, 0x000001bee35be000,
0x000001bee35c5000, 0x000001bee35c1800, 0x000001bee35c5800, 0x000001bee35c6800,
0x000001bee35c0800, 0x000001bee35c7000, 0x000001bee35c8000, 0x000001bee35c2800,
0x000001bee35c9000, 0x000001bee35c9800, 0x000001bee1bbe000, 0x000001bee1bbd000,
0x000001bee1bc1000, 0x000001bee1bc0800, 0x000001bee1bbf800, 0x000001bee1bbe800,
0x000001bee1bc2000, 0x000001bee1bbc800, 0x000001bee1bc6000, 0x000001bee1bc8800,
0x000001bee1bc3000, 0x000001bee1bc9800, 0x000001bee1bc4800, 0x000001bee1bc7000,
0x000001bee1bc7800, 0x000001bee1bc5800, 0x000001bee1bc3800, 0x000001bee1bca000,
0x000001bee1bcb000, 0x000001bee591e800, 0x000001bee591b000, 0x000001bee5919800,
0x000001bee591c000, 0x000001bee591a800, 0x000001bee591d800, 0x000001bee5918800,
0x000001bee5920000, 0x000001bee591f000, 0x000001bee5921000, 0x000001bee5921800,
0x000001bee591c800, 0x000001bee5925800, 0x000001bee5924000, 0x000001bee5923800,
0x000001bee5926800, 0x000001bee5927800, 0x000001bee5922800, 0x000001bee5925000,
0x000001bee3044800, 0x000001bee3047000, 0x000001bee3048000, 0x000001bee3048800,
0x000001bee3045800, 0x000001bee3049800, 0x000001bee304a800, 0x000001bee304b000,
0x000001bee304c000, 0x000001bee3046800, 0x000001bee304f800, 0x000001bee304d000,
0x000001bee3051800, 0x000001bee3050000, 0x000001bee3051000, 0x000001bee3052800,
0x000001bee3053800, 0x000001bee304e800, 0x000001bee304d800, 0x000001bee5059000,
0x000001bee505b000, 0x000001bee505c000, 0x000001bee505a800, 0x000001bee5056800,
0x000001bee505d000, 0x000001bee5057000, 0x000001bee505d800, 0x000001bee5059800,
0x000001bee5058000, 0x000001bee5060000, 0x000001bee505e800
}

Java Threads: ( => current thread )
  0x000001bec5459000 JavaThread "main" [_thread_blocked, id=20388, stack(0x0000009908400000,0x0000009908500000)]
  0x000001bedffec800 JavaThread "Reference Handler" daemon [_thread_blocked, id=10452, stack(0x0000009908b00000,0x0000009908c00000)]
  0x000001bedfff0000 JavaThread "Finalizer" daemon [_thread_blocked, id=4476, stack(0x0000009908c00000,0x0000009908d00000)]
  0x000001bee0008000 JavaThread "Signal Dispatcher" daemon [_thread_blocked, id=21424, stack(0x0000009908d00000,0x0000009908e00000)]
  0x000001bee0009800 JavaThread "Attach Listener" daemon [_thread_blocked, id=7840, stack(0x0000009908e00000,0x0000009908f00000)]
  0x000001bee000b000 JavaThread "Service Thread" daemon [_thread_blocked, id=16244, stack(0x0000009908f00000,0x0000009909000000)]
=>0x000001bee000f000 JavaThread "C2 CompilerThread0" daemon [_thread_in_native, id=18076, stack(0x0000009909000000,0x0000009909100000)]
  0x000001bee0012800 JavaThread "C1 CompilerThread0" daemon [_thread_blocked, id=20724, stack(0x0000009909100000,0x0000009909200000)]
  0x000001bee0039000 JavaThread "Sweeper thread" daemon [_thread_blocked, id=13456, stack(0x0000009909200000,0x0000009909300000)]
  0x000001bee0ac2000 JavaThread "Common-Cleaner" daemon [_thread_blocked, id=20172, stack(0x0000009909300000,0x0000009909400000)]
  0x000001bee0ac1000 JavaThread "Daemon health stats" [_thread_blocked, id=7788, stack(0x0000009909600000,0x0000009909700000)]
  0x000001bee0abe800 JavaThread "Incoming local TCP Connector on port 49185" [_thread_in_native, id=12652, stack(0x0000009909700000,0x0000009909800000)]
  0x000001bee0ac5000 JavaThread "Daemon" [_thread_blocked, id=11648, stack(0x0000009909800000,0x0000009909900000)]
  0x000001bee0abf800 JavaThread "Daemon periodic checks" [_thread_blocked, id=11600, stack(0x0000009909900000,0x0000009909a00000)]
  0x000001bee0ac3800 JavaThread "Handler for socket connection from /127.0.0.1:49185 to /127.0.0.1:49186" [_thread_in_native, id=13452, stack(0x0000009909a00000,0x0000009909b00000)]
  0x000001bee0ac2800 JavaThread "Cancel handler" [_thread_blocked, id=9440, stack(0x000000990a100000,0x000000990a200000)]
  0x000001bee0ac0800 JavaThread "Daemon worker" [_thread_blocked, id=12844, stack(0x000000990a200000,0x000000990a300000)]
  0x000001bee0ac4800 JavaThread "Asynchronous log dispatcher for DefaultDaemonConnection: socket connection from /127.0.0.1:49185 to /127.0.0.1:49186" [_thread_blocked, id=20984, stack(0x000000990a300000,0x000000990a400000)]
  0x000001bee14bf000 JavaThread "Stdin handler" [_thread_blocked, id=19756, stack(0x000000990a400000,0x000000990a500000)]
  0x000001bee14be800 JavaThread "Daemon client event forwarder" [_thread_blocked, id=13396, stack(0x000000990a500000,0x000000990a600000)]
  0x000001bee14b9800 JavaThread "Cache worker for journal cache (C:\Users\BAS-PC\.gradle\caches\journal-1)" [_thread_blocked, id=18152, stack(0x000000990a600000,0x000000990a700000)]
  0x000001bee14c0000 JavaThread "File lock request listener" [_thread_in_native, id=20600, stack(0x000000990a700000,0x000000990a800000)]
  0x000001bee14ba000 JavaThread "Cache worker for file hash cache (C:\Users\BAS-PC\.gradle\caches\7.2\fileHashes)" [_thread_blocked, id=13344, stack(0x000000990a900000,0x000000990aa00000)]
  0x000001bee14c0800 JavaThread "Cache worker for file hash cache (C:\Users\BAS-PC\Desktop\CoinRank\.gradle\7.2\fileHashes)" [_thread_blocked, id=3076, stack(0x000000990aa00000,0x000000990ab00000)]
  0x000001bee14bb000 JavaThread "File watcher server" daemon [_thread_in_native, id=16796, stack(0x000000990ab00000,0x000000990ac00000)]
  0x000001bee14bc000 JavaThread "File watcher consumer" daemon [_thread_blocked, id=9812, stack(0x000000990ac00000,0x000000990ad00000)]
  0x000001bee14bd800 JavaThread "jar transforms" [_thread_blocked, id=11508, stack(0x000000990ad00000,0x000000990ae00000)]
  0x000001bee14c1800 JavaThread "jar transforms Thread 2" [_thread_blocked, id=1432, stack(0x000000990ae00000,0x000000990af00000)]
  0x000001bee14c2800 JavaThread "jar transforms Thread 3" [_thread_blocked, id=19924, stack(0x000000990af00000,0x000000990b000000)]
  0x000001bee14bc800 JavaThread "jar transforms Thread 4" [_thread_blocked, id=8820, stack(0x000000990b000000,0x000000990b100000)]
  0x000001bee14c5800 JavaThread "jar transforms Thread 5" [_thread_blocked, id=15208, stack(0x000000990b100000,0x000000990b200000)]
  0x000001bee14c3000 JavaThread "jar transforms Thread 6" [_thread_blocked, id=11468, stack(0x000000990b200000,0x000000990b300000)]
  0x000001bee14c4000 JavaThread "jar transforms Thread 7" [_thread_blocked, id=21296, stack(0x000000990b300000,0x000000990b400000)]
  0x000001bee14c7800 JavaThread "jar transforms Thread 8" [_thread_blocked, id=20068, stack(0x000000990b400000,0x000000990b500000)]
  0x000001bee14c8000 JavaThread "Cache worker for checksums cache (C:\Users\BAS-PC\Desktop\CoinRank\.gradle\checksums)" [_thread_blocked, id=12396, stack(0x000000990b500000,0x000000990b600000)]
  0x000001bee14c5000 JavaThread "Cache worker for cache directory md-supplier (C:\Users\BAS-PC\.gradle\caches\7.2\md-supplier)" [_thread_blocked, id=21064, stack(0x000000990b600000,0x000000990b700000)]
  0x000001bee14c6800 JavaThread "Cache worker for cache directory md-rule (C:\Users\BAS-PC\.gradle\caches\7.2\md-rule)" [_thread_blocked, id=9820, stack(0x000000990b700000,0x000000990b800000)]
  0x000001bee35bc000 JavaThread "Cache worker for execution history cache (C:\Users\BAS-PC\.gradle\caches\7.2\executionHistory)" [_thread_blocked, id=496, stack(0x000000990b800000,0x000000990b900000)]
  0x000001bee35bc800 JavaThread "Cache worker for file content cache (C:\Users\BAS-PC\.gradle\caches\7.2\fileContent)" [_thread_blocked, id=8072, stack(0x000000990b900000,0x000000990ba00000)]
  0x000001bee35bd800 JavaThread "File lock release action executor" [_thread_blocked, id=15844, stack(0x000000990ba00000,0x000000990bb00000)]
  0x000001bee35c3000 JavaThread "Cache worker for dependencies-accessors (C:\Users\BAS-PC\Desktop\CoinRank\.gradle\7.2\dependencies-accessors)" [_thread_blocked, id=10724, stack(0x000000990bb00000,0x000000990bc00000)]
  0x000001bee35c4000 JavaThread "Cache worker for Build Output Cleanup Cache (C:\Users\BAS-PC\Desktop\CoinRank\.gradle\buildOutputCleanup)" [_thread_blocked, id=6860, stack(0x000000990bc00000,0x000000990bd00000)]
  0x000001bee35c0000 JavaThread "Unconstrained build operations" [_thread_blocked, id=9788, stack(0x0000009908100000,0x0000009908200000)]
  0x000001bee35be000 JavaThread "Unconstrained build operations Thread 2" [_thread_blocked, id=18752, stack(0x000000990bd00000,0x000000990be00000)]
  0x000001bee35c5000 JavaThread "Unconstrained build operations Thread 3" [_thread_blocked, id=6372, stack(0x000000990be00000,0x000000990bf00000)]
  0x000001bee35c1800 JavaThread "Unconstrained build operations Thread 4" [_thread_blocked, id=20332, stack(0x000000990bf00000,0x000000990c000000)]
  0x000001bee35c5800 JavaThread "Unconstrained build operations Thread 5" [_thread_blocked, id=19612, stack(0x000000990c000000,0x000000990c100000)]
  0x000001bee35c6800 JavaThread "Unconstrained build operations Thread 6" [_thread_blocked, id=20160, stack(0x000000990c100000,0x000000990c200000)]
  0x000001bee35c0800 JavaThread "Unconstrained build operations Thread 7" [_thread_blocked, id=19628, stack(0x000000990c200000,0x000000990c300000)]
  0x000001bee35c7000 JavaThread "Unconstrained build operations Thread 8" [_thread_blocked, id=19280, stack(0x000000990c300000,0x000000990c400000)]
  0x000001bee35c8000 JavaThread "Unconstrained build operations Thread 9" [_thread_blocked, id=20900, stack(0x000000990c400000,0x000000990c500000)]
  0x000001bee35c2800 JavaThread "Unconstrained build operations Thread 10" [_thread_blocked, id=7508, stack(0x000000990c500000,0x000000990c600000)]
  0x000001bee35c9000 JavaThread "Unconstrained build operations Thread 11" [_thread_blocked, id=2284, stack(0x000000990c600000,0x000000990c700000)]
  0x000001bee35c9800 JavaThread "Unconstrained build operations Thread 12" [_thread_blocked, id=14996, stack(0x000000990c700000,0x000000990c800000)]
  0x000001bee1bbe000 JavaThread "Unconstrained build operations Thread 13" [_thread_blocked, id=20136, stack(0x000000990c800000,0x000000990c900000)]
  0x000001bee1bbd000 JavaThread "Unconstrained build operations Thread 14" [_thread_blocked, id=20184, stack(0x000000990c900000,0x000000990ca00000)]
  0x000001bee1bc1000 JavaThread "Unconstrained build operations Thread 15" [_thread_blocked, id=19464, stack(0x000000990ca00000,0x000000990cb00000)]
  0x000001bee1bc0800 JavaThread "Unconstrained build operations Thread 16" [_thread_blocked, id=1420, stack(0x000000990cb00000,0x000000990cc00000)]
  0x000001bee1bbf800 JavaThread "Unconstrained build operations Thread 17" [_thread_blocked, id=19836, stack(0x000000990cc00000,0x000000990cd00000)]
  0x000001bee1bbe800 JavaThread "Unconstrained build operations Thread 18" [_thread_blocked, id=20616, stack(0x000000990cd00000,0x000000990ce00000)]
  0x000001bee1bc2000 JavaThread "Unconstrained build operations Thread 19" [_thread_blocked, id=7700, stack(0x000000990ce00000,0x000000990cf00000)]
  0x000001bee1bbc800 JavaThread "Unconstrained build operations Thread 20" [_thread_blocked, id=17576, stack(0x000000990cf00000,0x000000990d000000)]
  0x000001bee1bc6000 JavaThread "Unconstrained build operations Thread 21" [_thread_blocked, id=20396, stack(0x000000990d000000,0x000000990d100000)]
  0x000001bee1bc8800 JavaThread "Unconstrained build operations Thread 22" [_thread_blocked, id=20392, stack(0x000000990d100000,0x000000990d200000)]
  0x000001bee1bc3000 JavaThread "Unconstrained build operations Thread 23" [_thread_blocked, id=12260, stack(0x000000990d200000,0x000000990d300000)]
  0x000001bee1bc9800 JavaThread "Unconstrained build operations Thread 24" [_thread_blocked, id=12172, stack(0x000000990d300000,0x000000990d400000)]
  0x000001bee1bc4800 JavaThread "Unconstrained build operations Thread 25" [_thread_blocked, id=12184, stack(0x000000990d400000,0x000000990d500000)]
  0x000001bee1bc7000 JavaThread "Unconstrained build operations Thread 26" [_thread_blocked, id=19452, stack(0x000000990d500000,0x000000990d600000)]
  0x000001bee1bc7800 JavaThread "Unconstrained build operations Thread 27" [_thread_blocked, id=19540, stack(0x000000990d600000,0x000000990d700000)]
  0x000001bee1bc5800 JavaThread "Unconstrained build operations Thread 28" [_thread_blocked, id=9060, stack(0x000000990d700000,0x000000990d800000)]
  0x000001bee1bc3800 JavaThread "Unconstrained build operations Thread 29" [_thread_blocked, id=20588, stack(0x000000990d800000,0x000000990d900000)]
  0x000001bee1bca000 JavaThread "Unconstrained build operations Thread 30" [_thread_in_native, id=17508, stack(0x000000990d900000,0x000000990da00000)]
  0x000001bee1bcb000 JavaThread "Unconstrained build operations Thread 31" [_thread_blocked, id=2036, stack(0x000000990da00000,0x000000990db00000)]
  0x000001bee591e800 JavaThread "Unconstrained build operations Thread 32" [_thread_blocked, id=15672, stack(0x000000990db00000,0x000000990dc00000)]
  0x000001bee591b000 JavaThread "Unconstrained build operations Thread 33" [_thread_blocked, id=19256, stack(0x000000990dc00000,0x000000990dd00000)]
  0x000001bee5919800 JavaThread "Unconstrained build operations Thread 34" [_thread_blocked, id=19164, stack(0x000000990dd00000,0x000000990de00000)]
  0x000001bee591c000 JavaThread "Unconstrained build operations Thread 35" [_thread_blocked, id=18200, stack(0x000000990de00000,0x000000990df00000)]
  0x000001bee591a800 JavaThread "Unconstrained build operations Thread 36" [_thread_blocked, id=3820, stack(0x000000990df00000,0x000000990e000000)]
  0x000001bee591d800 JavaThread "Unconstrained build operations Thread 37" [_thread_blocked, id=1960, stack(0x000000990e000000,0x000000990e100000)]
  0x000001bee5918800 JavaThread "Unconstrained build operations Thread 38" [_thread_blocked, id=20088, stack(0x000000990e100000,0x000000990e200000)]
  0x000001bee5920000 JavaThread "Unconstrained build operations Thread 39" [_thread_blocked, id=20180, stack(0x000000990e200000,0x000000990e300000)]
  0x000001bee591f000 JavaThread "Unconstrained build operations Thread 40" [_thread_blocked, id=15484, stack(0x000000990e300000,0x000000990e400000)]
  0x000001bee5921000 JavaThread "Unconstrained build operations Thread 41" [_thread_blocked, id=16944, stack(0x000000990e400000,0x000000990e500000)]
  0x000001bee5921800 JavaThread "Unconstrained build operations Thread 42" [_thread_blocked, id=19132, stack(0x000000990e500000,0x000000990e600000)]
  0x000001bee591c800 JavaThread "Unconstrained build operations Thread 43" [_thread_blocked, id=21432, stack(0x000000990e600000,0x000000990e700000)]
  0x000001bee5925800 JavaThread "Unconstrained build operations Thread 44" [_thread_blocked, id=20376, stack(0x000000990e700000,0x000000990e800000)]
  0x000001bee5924000 JavaThread "Unconstrained build operations Thread 45" [_thread_blocked, id=9004, stack(0x000000990e800000,0x000000990e900000)]
  0x000001bee5923800 JavaThread "Unconstrained build operations Thread 46" [_thread_blocked, id=18600, stack(0x000000990e900000,0x000000990ea00000)]
  0x000001bee5926800 JavaThread "Unconstrained build operations Thread 47" [_thread_blocked, id=20104, stack(0x000000990ea00000,0x000000990eb00000)]
  0x000001bee5927800 JavaThread "Unconstrained build operations Thread 48" [_thread_blocked, id=15752, stack(0x000000990eb00000,0x000000990ec00000)]
  0x000001bee5922800 JavaThread "Unconstrained build operations Thread 49" [_thread_blocked, id=13780, stack(0x000000990ec00000,0x000000990ed00000)]
  0x000001bee5925000 JavaThread "Unconstrained build operations Thread 50" [_thread_blocked, id=19084, stack(0x000000990ed00000,0x000000990ee00000)]
  0x000001bee3044800 JavaThread "Unconstrained build operations Thread 51" [_thread_blocked, id=12072, stack(0x000000990ee00000,0x000000990ef00000)]
  0x000001bee3047000 JavaThread "Unconstrained build operations Thread 52" [_thread_blocked, id=20696, stack(0x000000990ef00000,0x000000990f000000)]
  0x000001bee3048000 JavaThread "Unconstrained build operations Thread 53" [_thread_blocked, id=11816, stack(0x000000990f000000,0x000000990f100000)]
  0x000001bee3048800 JavaThread "Unconstrained build operations Thread 54" [_thread_blocked, id=21348, stack(0x000000990f100000,0x000000990f200000)]
  0x000001bee3045800 JavaThread "Unconstrained build operations Thread 55" [_thread_blocked, id=12020, stack(0x000000990f200000,0x000000990f300000)]
  0x000001bee3049800 JavaThread "Unconstrained build operations Thread 56" [_thread_blocked, id=9688, stack(0x000000990f300000,0x000000990f400000)]
  0x000001bee304a800 JavaThread "Unconstrained build operations Thread 57" [_thread_blocked, id=8300, stack(0x000000990f400000,0x000000990f500000)]
  0x000001bee304b000 JavaThread "Unconstrained build operations Thread 58" [_thread_blocked, id=17688, stack(0x000000990f500000,0x000000990f600000)]
  0x000001bee304c000 JavaThread "Unconstrained build operations Thread 59" [_thread_blocked, id=20604, stack(0x000000990f600000,0x000000990f700000)]
  0x000001bee3046800 JavaThread "Unconstrained build operations Thread 60" [_thread_blocked, id=5396, stack(0x000000990f700000,0x000000990f800000)]
  0x000001bee304f800 JavaThread "Unconstrained build operations Thread 61" [_thread_blocked, id=5160, stack(0x000000990f800000,0x000000990f900000)]
  0x000001bee304d000 JavaThread "Unconstrained build operations Thread 62" [_thread_blocked, id=16012, stack(0x000000990f900000,0x000000990fa00000)]
  0x000001bee3051800 JavaThread "Unconstrained build operations Thread 63" [_thread_blocked, id=20108, stack(0x000000990fa00000,0x000000990fb00000)]
  0x000001bee3050000 JavaThread "Unconstrained build operations Thread 64" [_thread_blocked, id=20024, stack(0x000000990fb00000,0x000000990fc00000)]
  0x000001bee3051000 JavaThread "Unconstrained build operations Thread 65" [_thread_blocked, id=20884, stack(0x000000990fc00000,0x000000990fd00000)]
  0x000001bee3052800 JavaThread "Unconstrained build operations Thread 66" [_thread_blocked, id=14148, stack(0x000000990fd00000,0x000000990fe00000)]
  0x000001bee3053800 JavaThread "Unconstrained build operations Thread 67" [_thread_blocked, id=16968, stack(0x000000990fe00000,0x000000990ff00000)]
  0x000001bee304e800 JavaThread "Unconstrained build operations Thread 68" [_thread_blocked, id=14036, stack(0x000000990ff00000,0x0000009910000000)]
  0x000001bee304d800 JavaThread "Unconstrained build operations Thread 69" [_thread_blocked, id=21012, stack(0x0000009910000000,0x0000009910100000)]
  0x000001bee5059000 JavaThread "Unconstrained build operations Thread 70" [_thread_blocked, id=7288, stack(0x0000009910100000,0x0000009910200000)]
  0x000001bee505b000 JavaThread "Unconstrained build operations Thread 71" [_thread_blocked, id=14252, stack(0x0000009910200000,0x0000009910300000)]
  0x000001bee505c000 JavaThread "Unconstrained build operations Thread 72" [_thread_blocked, id=9864, stack(0x0000009910300000,0x0000009910400000)]
  0x000001bee505a800 JavaThread "Unconstrained build operations Thread 73" [_thread_blocked, id=18172, stack(0x0000009910400000,0x0000009910500000)]
  0x000001bee5056800 JavaThread "Unconstrained build operations Thread 74" [_thread_blocked, id=2308, stack(0x0000009910500000,0x0000009910600000)]
  0x000001bee505d000 JavaThread "Unconstrained build operations Thread 75" [_thread_blocked, id=4708, stack(0x0000009910600000,0x0000009910700000)]
  0x000001bee5057000 JavaThread "Unconstrained build operations Thread 76" [_thread_blocked, id=4712, stack(0x0000009910700000,0x0000009910800000)]
  0x000001bee505d800 JavaThread "Unconstrained build operations Thread 77" [_thread_blocked, id=20140, stack(0x0000009910800000,0x0000009910900000)]
  0x000001bee5059800 JavaThread "Unconstrained build operations Thread 78" [_thread_blocked, id=20888, stack(0x0000009910900000,0x0000009910a00000)]
  0x000001bee5058000 JavaThread "Unconstrained build operations Thread 79" [_thread_blocked, id=12116, stack(0x0000009910a00000,0x0000009910b00000)]
  0x000001bee5060000 JavaThread "Unconstrained build operations Thread 80" [_thread_blocked, id=9232, stack(0x0000009910b00000,0x0000009910c00000)]
  0x000001bee505e800 JavaThread "Memory manager" [_thread_blocked, id=1136, stack(0x0000009910e00000,0x0000009910f00000)]

Other Threads:
  0x000001bedffe7800 VMThread "VM Thread" [stack: 0x0000009908a00000,0x0000009908b00000] [id=17440]
  0x000001bee0af8000 WatcherThread [stack: 0x0000009909400000,0x0000009909500000] [id=9540]
  0x000001bec5473800 GCTaskThread "GC Thread#0" [stack: 0x0000009908500000,0x0000009908600000] [id=21224]
  0x000001bee17c4800 GCTaskThread "GC Thread#1" [stack: 0x0000009909500000,0x0000009909600000] [id=17312]
  0x000001bee196c000 GCTaskThread "GC Thread#2" [stack: 0x0000009909b00000,0x0000009909c00000] [id=20748]
  0x000001bee16b2000 GCTaskThread "GC Thread#3" [stack: 0x0000009909c00000,0x0000009909d00000] [id=11284]
  0x000001bee1de0000 GCTaskThread "GC Thread#4" [stack: 0x0000009909d00000,0x0000009909e00000] [id=4036]
  0x000001bee1440800 GCTaskThread "GC Thread#5" [stack: 0x0000009909e00000,0x0000009909f00000] [id=15792]
  0x000001bee1441000 GCTaskThread "GC Thread#6" [stack: 0x0000009909f00000,0x000000990a000000] [id=17880]
  0x000001bee0ed2800 GCTaskThread "GC Thread#7" [stack: 0x000000990a000000,0x000000990a100000] [id=18692]
  0x000001bec54a5000 ConcurrentGCThread "G1 Main Marker" [stack: 0x0000009908600000,0x0000009908700000] [id=4240]
  0x000001bec54a6800 ConcurrentGCThread "G1 Conc#0" [stack: 0x0000009908700000,0x0000009908800000] [id=21264]
  0x000001bee1688800 ConcurrentGCThread "G1 Conc#1" [stack: 0x000000990a800000,0x000000990a900000] [id=11164]
  0x000001bec5536000 ConcurrentGCThread "G1 Refine#0" [stack: 0x0000009908800000,0x0000009908900000] [id=20972]
  0x000001bec5537000 ConcurrentGCThread "G1 Young RemSet Sampling" [stack: 0x0000009908900000,0x0000009908a00000] [id=17424]

Threads with active compile tasks:
C2 CompilerThread0  55507 10529       4       org.gradle.cache.internal.btree.CachingBlockStore::read (56 bytes)

VM state:not at safepoint (normal execution)

VM Mutex/Monitor currently owned by a thread: None

Heap address: 0x0000000080000000, size: 2048 MB, Compressed Oops mode: 32-bit
Narrow klass base: 0x0000000000000000, Narrow klass shift: 3
Compressed class space size: 1073741824 Address: 0x0000000100000000

Heap:
 garbage-first heap   total 199680K, used 125774K [0x0000000080000000, 0x0000000100000000)
  region size 1024K, 7 young (7168K), 3 survivors (3072K)
 Metaspace       used 96261K, capacity 98748K, committed 99016K, reserved 1134592K
  class space    used 12436K, capacity 13346K, committed 13440K, reserved 1048576K
Heap Regions: E=young(eden), S=young(survivor), O=old, HS=humongous(starts), HC=humongous(continues), CS=collection set, F=free, A=archive, TAMS=top-at-mark-start (previous, next)
|   0|0x0000000080000000, 0x0000000080100000, 0x0000000080100000|100%| O|  |TAMS 0x0000000080100000, 0x0000000080000000| Updating 
|   1|0x0000000080100000, 0x0000000080200000, 0x0000000080200000|100%| O|  |TAMS 0x0000000080200000, 0x0000000080100000| Updating 
|   2|0x0000000080200000, 0x0000000080300000, 0x0000000080300000|100%| O|  |TAMS 0x0000000080300000, 0x0000000080200000| Updating 
|   3|0x0000000080300000, 0x0000000080400000, 0x0000000080400000|100%|HS|  |TAMS 0x0000000080400000, 0x0000000080300000| Complete 
|   4|0x0000000080400000, 0x0000000080500000, 0x0000000080500000|100%|HC|  |TAMS 0x0000000080500000, 0x0000000080400000| Complete 
|   5|0x0000000080500000, 0x0000000080600000, 0x0000000080600000|100%|HC|  |TAMS 0x0000000080600000, 0x0000000080500000| Complete 
|   6|0x0000000080600000, 0x0000000080700000, 0x0000000080700000|100%| O|  |TAMS 0x0000000080700000, 0x0000000080600000| Updating 
|   7|0x0000000080700000, 0x0000000080800000, 0x0000000080800000|100%| O|  |TAMS 0x0000000080800000, 0x0000000080700000| Updating 
|   8|0x0000000080800000, 0x0000000080900000, 0x0000000080900000|100%| O|  |TAMS 0x0000000080900000, 0x0000000080800000| Updating 
|   9|0x0000000080900000, 0x0000000080a00000, 0x0000000080a00000|100%| O|  |TAMS 0x0000000080a00000, 0x0000000080900000| Updating 
|  10|0x0000000080a00000, 0x0000000080b00000, 0x0000000080b00000|100%| O|  |TAMS 0x0000000080b00000, 0x0000000080a00000| Updating 
|  11|0x0000000080b00000, 0x0000000080c00000, 0x0000000080c00000|100%| O|  |TAMS 0x0000000080c00000, 0x0000000080b00000| Updating 
|  12|0x0000000080c00000, 0x0000000080d00000, 0x0000000080d00000|100%| O|  |TAMS 0x0000000080d00000, 0x0000000080c00000| Updating 
|  13|0x0000000080d00000, 0x0000000080e00000, 0x0000000080e00000|100%| O|  |TAMS 0x0000000080e00000, 0x0000000080d00000| Updating 
|  14|0x0000000080e00000, 0x0000000080f00000, 0x0000000080f00000|100%| O|  |TAMS 0x0000000080f00000, 0x0000000080e00000| Updating 
|  15|0x0000000080f00000, 0x0000000081000000, 0x0000000081000000|100%| O|  |TAMS 0x0000000081000000, 0x0000000080f00000| Updating 
|  16|0x0000000081000000, 0x0000000081100000, 0x0000000081100000|100%|HS|  |TAMS 0x0000000081100000, 0x0000000081000000| Complete 
|  17|0x0000000081100000, 0x0000000081200000, 0x0000000081200000|100%|HC|  |TAMS 0x0000000081200000, 0x0000000081100000| Complete 
|  18|0x0000000081200000, 0x0000000081300000, 0x0000000081300000|100%|HS|  |TAMS 0x0000000081300000, 0x0000000081200000| Complete 
|  19|0x0000000081300000, 0x0000000081400000, 0x0000000081400000|100%|HC|  |TAMS 0x0000000081400000, 0x0000000081300000| Complete 
|  20|0x0000000081400000, 0x0000000081500000, 0x0000000081500000|100%|HC|  |TAMS 0x0000000081500000, 0x0000000081400000| Complete 
|  21|0x0000000081500000, 0x0000000081600000, 0x0000000081600000|100%|HS|  |TAMS 0x0000000081600000, 0x0000000081500000| Complete 
|  22|0x0000000081600000, 0x0000000081700000, 0x0000000081700000|100%|HC|  |TAMS 0x0000000081700000, 0x0000000081600000| Complete 
|  23|0x0000000081700000, 0x0000000081800000, 0x0000000081800000|100%|HC|  |TAMS 0x0000000081800000, 0x0000000081700000| Complete 
|  24|0x0000000081800000, 0x0000000081900000, 0x0000000081900000|100%|HC|  |TAMS 0x0000000081900000, 0x0000000081800000| Complete 
|  25|0x0000000081900000, 0x0000000081a00000, 0x0000000081a00000|100%| O|  |TAMS 0x0000000081a00000, 0x0000000081900000| Updating 
|  26|0x0000000081a00000, 0x0000000081b00000, 0x0000000081b00000|100%| O|  |TAMS 0x0000000081b00000, 0x0000000081a00000| Updating 
|  27|0x0000000081b00000, 0x0000000081c00000, 0x0000000081c00000|100%| O|  |TAMS 0x0000000081c00000, 0x0000000081b00000| Updating 
|  28|0x0000000081c00000, 0x0000000081d00000, 0x0000000081d00000|100%| O|  |TAMS 0x0000000081d00000, 0x0000000081c00000| Updating 
|  29|0x0000000081d00000, 0x0000000081e00000, 0x0000000081e00000|100%| O|  |TAMS 0x0000000081e00000, 0x0000000081d00000| Updating 
|  30|0x0000000081e00000, 0x0000000081f00000, 0x0000000081f00000|100%| O|  |TAMS 0x0000000081f00000, 0x0000000081e00000| Updating 
|  31|0x0000000081f00000, 0x0000000082000000, 0x0000000082000000|100%| O|  |TAMS 0x0000000082000000, 0x0000000081f00000| Updating 
|  32|0x0000000082000000, 0x0000000082100000, 0x0000000082100000|100%| O|  |TAMS 0x0000000082100000, 0x0000000082000000| Updating 
|  33|0x0000000082100000, 0x0000000082200000, 0x0000000082200000|100%| O|  |TAMS 0x0000000082200000, 0x0000000082100000| Updating 
|  34|0x0000000082200000, 0x0000000082300000, 0x0000000082300000|100%| O|  |TAMS 0x0000000082300000, 0x0000000082200000| Updating 
|  35|0x0000000082300000, 0x0000000082400000, 0x0000000082400000|100%| O|  |TAMS 0x0000000082400000, 0x0000000082300000| Updating 
|  36|0x0000000082400000, 0x0000000082500000, 0x0000000082500000|100%| O|  |TAMS 0x0000000082500000, 0x0000000082400000| Updating 
|  37|0x0000000082500000, 0x0000000082600000, 0x0000000082600000|100%| O|  |TAMS 0x0000000082600000, 0x0000000082500000| Updating 
|  38|0x0000000082600000, 0x0000000082700000, 0x0000000082700000|100%|HS|  |TAMS 0x0000000082700000, 0x0000000082600000| Complete 
|  39|0x0000000082700000, 0x0000000082800000, 0x0000000082800000|100%|HC|  |TAMS 0x0000000082800000, 0x0000000082700000| Complete 
|  40|0x0000000082800000, 0x0000000082900000, 0x0000000082900000|100%|HC|  |TAMS 0x0000000082900000, 0x0000000082800000| Complete 
|  41|0x0000000082900000, 0x0000000082a00000, 0x0000000082a00000|100%| O|  |TAMS 0x0000000082a00000, 0x0000000082900000| Updating 
|  42|0x0000000082a00000, 0x0000000082b00000, 0x0000000082b00000|100%| O|  |TAMS 0x0000000082b00000, 0x0000000082a00000| Updating 
|  43|0x0000000082b00000, 0x0000000082c00000, 0x0000000082c00000|100%| O|  |TAMS 0x0000000082c00000, 0x0000000082b00000| Updating 
|  44|0x0000000082c00000, 0x0000000082d00000, 0x0000000082d00000|100%| O|  |TAMS 0x0000000082d00000, 0x0000000082c00000| Updating 
|  45|0x0000000082d00000, 0x0000000082e00000, 0x0000000082e00000|100%| O|  |TAMS 0x0000000082e00000, 0x0000000082d00000| Updating 
|  46|0x0000000082e00000, 0x0000000082f00000, 0x0000000082f00000|100%| O|  |TAMS 0x0000000082f00000, 0x0000000082e00000| Updating 
|  47|0x0000000082f00000, 0x0000000083000000, 0x0000000083000000|100%| O|  |TAMS 0x0000000083000000, 0x0000000082f00000| Updating 
|  48|0x0000000083000000, 0x0000000083100000, 0x0000000083100000|100%| O|  |TAMS 0x0000000083100000, 0x0000000083000000| Updating 
|  49|0x0000000083100000, 0x0000000083200000, 0x0000000083200000|100%| O|  |TAMS 0x0000000083200000, 0x0000000083100000| Updating 
|  50|0x0000000083200000, 0x0000000083300000, 0x0000000083300000|100%|HS|  |TAMS 0x0000000083300000, 0x0000000083200000| Complete 
|  51|0x0000000083300000, 0x0000000083400000, 0x0000000083400000|100%|HC|  |TAMS 0x0000000083400000, 0x0000000083300000| Complete 
|  52|0x0000000083400000, 0x0000000083500000, 0x0000000083500000|100%|HC|  |TAMS 0x0000000083500000, 0x0000000083400000| Complete 
|  53|0x0000000083500000, 0x0000000083600000, 0x0000000083600000|100%|HC|  |TAMS 0x0000000083600000, 0x0000000083500000| Complete 
|  54|0x0000000083600000, 0x0000000083700000, 0x0000000083700000|100%| O|  |TAMS 0x0000000083700000, 0x0000000083600000| Updating 
|  55|0x0000000083700000, 0x0000000083800000, 0x0000000083800000|100%| O|  |TAMS 0x0000000083800000, 0x0000000083700000| Updating 
|  56|0x0000000083800000, 0x0000000083900000, 0x0000000083900000|100%| O|  |TAMS 0x0000000083900000, 0x0000000083800000| Updating 
|  57|0x0000000083900000, 0x0000000083a00000, 0x0000000083a00000|100%| O|  |TAMS 0x0000000083a00000, 0x0000000083900000| Updating 
|  58|0x0000000083a00000, 0x0000000083b00000, 0x0000000083b00000|100%| O|  |TAMS 0x0000000083b00000, 0x0000000083a00000| Updating 
|  59|0x0000000083b00000, 0x0000000083c00000, 0x0000000083c00000|100%| O|  |TAMS 0x0000000083c00000, 0x0000000083b00000| Updating 
|  60|0x0000000083c00000, 0x0000000083d00000, 0x0000000083d00000|100%| O|  |TAMS 0x0000000083d00000, 0x0000000083c00000| Updating 
|  61|0x0000000083d00000, 0x0000000083e00000, 0x0000000083e00000|100%|HS|  |TAMS 0x0000000083e00000, 0x0000000083d00000| Complete 
|  62|0x0000000083e00000, 0x0000000083f00000, 0x0000000083f00000|100%|HS|  |TAMS 0x0000000083f00000, 0x0000000083e00000| Complete 
|  63|0x0000000083f00000, 0x0000000084000000, 0x0000000084000000|100%|HS|  |TAMS 0x0000000084000000, 0x0000000083f00000| Complete 
|  64|0x0000000084000000, 0x0000000084100000, 0x0000000084100000|100%| O|  |TAMS 0x0000000084100000, 0x0000000084000000| Updating 
|  65|0x0000000084100000, 0x0000000084200000, 0x0000000084200000|100%| O|  |TAMS 0x0000000084200000, 0x0000000084100000| Updating 
|  66|0x0000000084200000, 0x0000000084300000, 0x0000000084300000|100%|HS|  |TAMS 0x0000000084300000, 0x0000000084200000| Complete 
|  67|0x0000000084300000, 0x0000000084400000, 0x0000000084400000|100%| O|  |TAMS 0x0000000084400000, 0x0000000084300000| Updating 
|  68|0x0000000084400000, 0x0000000084500000, 0x0000000084500000|100%| O|  |TAMS 0x0000000084500000, 0x0000000084400000| Updating 
|  69|0x0000000084500000, 0x0000000084600000, 0x0000000084600000|100%|HS|  |TAMS 0x0000000084600000, 0x0000000084500000| Complete 
|  70|0x0000000084600000, 0x0000000084700000, 0x0000000084700000|100%|HC|  |TAMS 0x0000000084700000, 0x0000000084600000| Complete 
|  71|0x0000000084700000, 0x0000000084800000, 0x0000000084800000|100%|HC|  |TAMS 0x0000000084800000, 0x0000000084700000| Complete 
|  72|0x0000000084800000, 0x0000000084900000, 0x0000000084900000|100%| O|  |TAMS 0x0000000084900000, 0x0000000084800000| Updating 
|  73|0x0000000084900000, 0x0000000084a00000, 0x0000000084a00000|100%| O|  |TAMS 0x0000000084a00000, 0x0000000084900000| Updating 
|  74|0x0000000084a00000, 0x0000000084b00000, 0x0000000084b00000|100%|HS|  |TAMS 0x0000000084b00000, 0x0000000084a00000| Complete 
|  75|0x0000000084b00000, 0x0000000084c00000, 0x0000000084c00000|100%|HC|  |TAMS 0x0000000084c00000, 0x0000000084b00000| Complete 
|  76|0x0000000084c00000, 0x0000000084d00000, 0x0000000084d00000|100%| O|  |TAMS 0x0000000084d00000, 0x0000000084c00000| Updating 
|  77|0x0000000084d00000, 0x0000000084e00000, 0x0000000084e00000|100%| O|  |TAMS 0x0000000084e00000, 0x0000000084d00000| Updating 
|  78|0x0000000084e00000, 0x0000000084f00000, 0x0000000084f00000|100%| O|  |TAMS 0x0000000084f00000, 0x0000000084e00000| Updating 
|  79|0x0000000084f00000, 0x0000000084fffff8, 0x0000000085000000| 99%| O|  |TAMS 0x0000000084fffff8, 0x0000000084f00000| Updating 
|  80|0x0000000085000000, 0x0000000085100000, 0x0000000085100000|100%| O|  |TAMS 0x0000000085100000, 0x0000000085000000| Updating 
|  81|0x0000000085100000, 0x0000000085200000, 0x0000000085200000|100%| O|  |TAMS 0x0000000085200000, 0x0000000085100000| Updating 
|  82|0x0000000085200000, 0x0000000085300000, 0x0000000085300000|100%| O|  |TAMS 0x0000000085300000, 0x0000000085200000| Updating 
|  83|0x0000000085300000, 0x0000000085400000, 0x0000000085400000|100%| O|  |TAMS 0x0000000085400000, 0x0000000085300000| Updating 
|  84|0x0000000085400000, 0x0000000085500000, 0x0000000085500000|100%| O|  |TAMS 0x0000000085500000, 0x0000000085400000| Updating 
|  85|0x0000000085500000, 0x0000000085600000, 0x0000000085600000|100%| O|  |TAMS 0x0000000085600000, 0x0000000085500000| Updating 
|  86|0x0000000085600000, 0x0000000085700000, 0x0000000085700000|100%| O|  |TAMS 0x0000000085700000, 0x0000000085600000| Updating 
|  87|0x0000000085700000, 0x0000000085800000, 0x0000000085800000|100%| O|  |TAMS 0x0000000085800000, 0x0000000085700000| Updating 
|  88|0x0000000085800000, 0x0000000085900000, 0x0000000085900000|100%| O|  |TAMS 0x0000000085900000, 0x0000000085800000| Updating 
|  89|0x0000000085900000, 0x0000000085a00000, 0x0000000085a00000|100%| O|  |TAMS 0x0000000085a00000, 0x0000000085900000| Updating 
|  90|0x0000000085a00000, 0x0000000085b00000, 0x0000000085b00000|100%| O|  |TAMS 0x0000000085b00000, 0x0000000085a00000| Updating 
|  91|0x0000000085b00000, 0x0000000085c00000, 0x0000000085c00000|100%| O|  |TAMS 0x0000000085c00000, 0x0000000085b00000| Updating 
|  92|0x0000000085c00000, 0x0000000085d00000, 0x0000000085d00000|100%| O|  |TAMS 0x0000000085d00000, 0x0000000085c00000| Updating 
|  93|0x0000000085d00000, 0x0000000085e00000, 0x0000000085e00000|100%| O|  |TAMS 0x0000000085e00000, 0x0000000085d00000| Updating 
|  94|0x0000000085e00000, 0x0000000085f00000, 0x0000000085f00000|100%|HS|  |TAMS 0x0000000085f00000, 0x0000000085e00000| Complete 
|  95|0x0000000085f00000, 0x0000000086000000, 0x0000000086000000|100%|HC|  |TAMS 0x0000000086000000, 0x0000000085f00000| Complete 
|  96|0x0000000086000000, 0x0000000086100000, 0x0000000086100000|100%|HS|  |TAMS 0x0000000086100000, 0x0000000086000000| Complete 
|  97|0x0000000086100000, 0x0000000086200000, 0x0000000086200000|100%|HC|  |TAMS 0x0000000086200000, 0x0000000086100000| Complete 
|  98|0x0000000086200000, 0x0000000086300000, 0x0000000086300000|100%|HC|  |TAMS 0x0000000086300000, 0x0000000086200000| Complete 
|  99|0x0000000086300000, 0x0000000086400000, 0x0000000086400000|100%| O|  |TAMS 0x0000000086400000, 0x0000000086300000| Updating 
| 100|0x0000000086400000, 0x0000000086500000, 0x0000000086500000|100%|HS|  |TAMS 0x0000000086500000, 0x0000000086400000| Complete 
| 101|0x0000000086500000, 0x0000000086600000, 0x0000000086600000|100%|HC|  |TAMS 0x0000000086600000, 0x0000000086500000| Complete 
| 102|0x0000000086600000, 0x0000000086700000, 0x0000000086700000|100%|HC|  |TAMS 0x0000000086700000, 0x0000000086600000| Complete 
| 103|0x0000000086700000, 0x0000000086800000, 0x0000000086800000|100%|HC|  |TAMS 0x0000000086800000, 0x0000000086700000| Complete 
| 104|0x0000000086800000, 0x0000000086900000, 0x0000000086900000|100%| O|  |TAMS 0x0000000086900000, 0x0000000086800000| Updating 
| 105|0x0000000086900000, 0x0000000086a00000, 0x0000000086a00000|100%| O|  |TAMS 0x0000000086a00000, 0x0000000086900000| Updating 
| 106|0x0000000086a00000, 0x0000000086b00000, 0x0000000086b00000|100%| O|  |TAMS 0x0000000086b00000, 0x0000000086a00000| Updating 
| 107|0x0000000086b00000, 0x0000000086c00000, 0x0000000086c00000|100%| O|  |TAMS 0x0000000086c00000, 0x0000000086b00000| Updating 
| 108|0x0000000086c00000, 0x0000000086d00000, 0x0000000086d00000|100%| O|  |TAMS 0x0000000086d00000, 0x0000000086c00000| Updating 
| 109|0x0000000086d00000, 0x0000000086e00000, 0x0000000086e00000|100%| O|  |TAMS 0x0000000086e00000, 0x0000000086d00000| Updating 
| 110|0x0000000086e00000, 0x0000000086f00000, 0x0000000086f00000|100%| O|  |TAMS 0x0000000086f00000, 0x0000000086e00000| Updating 
| 111|0x0000000086f00000, 0x0000000087000000, 0x0000000087000000|100%| O|  |TAMS 0x0000000087000000, 0x0000000086f00000| Updating 
| 112|0x0000000087000000, 0x0000000087100000, 0x0000000087100000|100%| O|  |TAMS 0x0000000087100000, 0x0000000087000000| Updating 
| 113|0x0000000087100000, 0x0000000087200000, 0x0000000087200000|100%| O|  |TAMS 0x0000000087200000, 0x0000000087100000| Updating 
| 114|0x0000000087200000, 0x0000000087300000, 0x0000000087300000|100%| O|  |TAMS 0x0000000087300000, 0x0000000087200000| Updating 
| 115|0x0000000087300000, 0x0000000087400000, 0x0000000087400000|100%| O|  |TAMS 0x0000000087400000, 0x0000000087300000| Updating 
| 116|0x0000000087400000, 0x00000000874e6800, 0x0000000087500000| 90%| O|  |TAMS 0x00000000874e6800, 0x0000000087400000| Updating 
| 117|0x0000000087500000, 0x0000000087500000, 0x0000000087600000|  0%| F|  |TAMS 0x0000000087500000, 0x0000000087500000| Untracked 
| 118|0x0000000087600000, 0x0000000087600000, 0x0000000087700000|  0%| F|  |TAMS 0x0000000087600000, 0x0000000087600000| Untracked 
| 119|0x0000000087700000, 0x0000000087700000, 0x0000000087800000|  0%| F|  |TAMS 0x0000000087700000, 0x0000000087700000| Untracked 
| 120|0x0000000087800000, 0x0000000087800000, 0x0000000087900000|  0%| F|  |TAMS 0x0000000087800000, 0x0000000087800000| Untracked 
| 121|0x0000000087900000, 0x0000000087900000, 0x0000000087a00000|  0%| F|  |TAMS 0x0000000087900000, 0x0000000087900000| Untracked 
| 122|0x0000000087a00000, 0x0000000087a00000, 0x0000000087b00000|  0%| F|  |TAMS 0x0000000087a00000, 0x0000000087a00000| Untracked 
| 123|0x0000000087b00000, 0x0000000087b00000, 0x0000000087c00000|  0%| F|  |TAMS 0x0000000087b00000, 0x0000000087b00000| Untracked 
| 124|0x0000000087c00000, 0x0000000087c00000, 0x0000000087d00000|  0%| F|  |TAMS 0x0000000087c00000, 0x0000000087c00000| Untracked 
| 125|0x0000000087d00000, 0x0000000087d00000, 0x0000000087e00000|  0%| F|  |TAMS 0x0000000087d00000, 0x0000000087d00000| Untracked 
| 126|0x0000000087e00000, 0x0000000087e00000, 0x0000000087f00000|  0%| F|  |TAMS 0x0000000087e00000, 0x0000000087e00000| Untracked 
| 127|0x0000000087f00000, 0x0000000087f00000, 0x0000000088000000|  0%| F|  |TAMS 0x0000000087f00000, 0x0000000087f00000| Untracked 
| 128|0x0000000088000000, 0x0000000088000000, 0x0000000088100000|  0%| F|  |TAMS 0x0000000088000000, 0x0000000088000000| Untracked 
| 129|0x0000000088100000, 0x0000000088100000, 0x0000000088200000|  0%| F|  |TAMS 0x0000000088100000, 0x0000000088100000| Untracked 
| 130|0x0000000088200000, 0x0000000088200000, 0x0000000088300000|  0%| F|  |TAMS 0x0000000088200000, 0x0000000088200000| Untracked 
| 131|0x0000000088300000, 0x0000000088300000, 0x0000000088400000|  0%| F|  |TAMS 0x0000000088300000, 0x0000000088300000| Untracked 
| 132|0x0000000088400000, 0x0000000088400000, 0x0000000088500000|  0%| F|  |TAMS 0x0000000088400000, 0x0000000088400000| Untracked 
| 133|0x0000000088500000, 0x0000000088500000, 0x0000000088600000|  0%| F|  |TAMS 0x0000000088500000, 0x0000000088500000| Untracked 
| 134|0x0000000088600000, 0x0000000088600000, 0x0000000088700000|  0%| F|  |TAMS 0x0000000088600000, 0x0000000088600000| Untracked 
| 135|0x0000000088700000, 0x0000000088700000, 0x0000000088800000|  0%| F|  |TAMS 0x0000000088700000, 0x0000000088700000| Untracked 
| 136|0x0000000088800000, 0x0000000088800000, 0x0000000088900000|  0%| F|  |TAMS 0x0000000088800000, 0x0000000088800000| Untracked 
| 137|0x0000000088900000, 0x00000000889ed3c0, 0x0000000088a00000| 92%| S|CS|TAMS 0x0000000088900000, 0x0000000088900000| Complete 
| 138|0x0000000088a00000, 0x0000000088a00000, 0x0000000088b00000|  0%| F|  |TAMS 0x0000000088a00000, 0x0000000088a00000| Untracked 
| 139|0x0000000088b00000, 0x0000000088b00000, 0x0000000088c00000|  0%| F|  |TAMS 0x0000000088b00000, 0x0000000088b00000| Untracked 
| 140|0x0000000088c00000, 0x0000000088d00000, 0x0000000088d00000|100%| S|CS|TAMS 0x0000000088c00000, 0x0000000088c00000| Complete 
| 141|0x0000000088d00000, 0x0000000088d00000, 0x0000000088e00000|  0%| F|  |TAMS 0x0000000088d00000, 0x0000000088d00000| Untracked 
| 142|0x0000000088e00000, 0x0000000088f00000, 0x0000000088f00000|100%| S|CS|TAMS 0x0000000088e00000, 0x0000000088e00000| Complete 
| 143|0x0000000088f00000, 0x0000000088f00000, 0x0000000089000000|  0%| F|  |TAMS 0x0000000088f00000, 0x0000000088f00000| Untracked 
| 144|0x0000000089000000, 0x0000000089000000, 0x0000000089100000|  0%| F|  |TAMS 0x0000000089000000, 0x0000000089000000| Untracked 
| 145|0x0000000089100000, 0x0000000089100000, 0x0000000089200000|  0%| F|  |TAMS 0x0000000089100000, 0x0000000089100000| Untracked 
| 146|0x0000000089200000, 0x0000000089200000, 0x0000000089300000|  0%| F|  |TAMS 0x0000000089200000, 0x0000000089200000| Untracked 
| 147|0x0000000089300000, 0x0000000089300000, 0x0000000089400000|  0%| F|  |TAMS 0x0000000089300000, 0x0000000089300000| Untracked 
| 148|0x0000000089400000, 0x0000000089400000, 0x0000000089500000|  0%| F|  |TAMS 0x0000000089400000, 0x0000000089400000| Untracked 
| 149|0x0000000089500000, 0x0000000089500000, 0x0000000089600000|  0%| F|  |TAMS 0x0000000089500000, 0x0000000089500000| Untracked 
| 150|0x0000000089600000, 0x0000000089600000, 0x0000000089700000|  0%| F|  |TAMS 0x0000000089600000, 0x0000000089600000| Untracked 
| 151|0x0000000089700000, 0x0000000089700000, 0x0000000089800000|  0%| F|  |TAMS 0x0000000089700000, 0x0000000089700000| Untracked 
| 152|0x0000000089800000, 0x0000000089800000, 0x0000000089900000|  0%| F|  |TAMS 0x0000000089800000, 0x0000000089800000| Untracked 
| 153|0x0000000089900000, 0x0000000089900000, 0x0000000089a00000|  0%| F|  |TAMS 0x0000000089900000, 0x0000000089900000| Untracked 
| 154|0x0000000089a00000, 0x0000000089a00000, 0x0000000089b00000|  0%| F|  |TAMS 0x0000000089a00000, 0x0000000089a00000| Untracked 
| 155|0x0000000089b00000, 0x0000000089b00000, 0x0000000089c00000|  0%| F|  |TAMS 0x0000000089b00000, 0x0000000089b00000| Untracked 
| 156|0x0000000089c00000, 0x0000000089c00000, 0x0000000089d00000|  0%| F|  |TAMS 0x0000000089c00000, 0x0000000089c00000| Untracked 
| 157|0x0000000089d00000, 0x0000000089d00000, 0x0000000089e00000|  0%| F|  |TAMS 0x0000000089d00000, 0x0000000089d00000| Untracked 
| 158|0x0000000089e00000, 0x0000000089e00000, 0x0000000089f00000|  0%| F|  |TAMS 0x0000000089e00000, 0x0000000089e00000| Untracked 
| 159|0x0000000089f00000, 0x0000000089f00000, 0x000000008a000000|  0%| F|  |TAMS 0x0000000089f00000, 0x0000000089f00000| Untracked 
| 160|0x000000008a000000, 0x000000008a000000, 0x000000008a100000|  0%| F|  |TAMS 0x000000008a000000, 0x000000008a000000| Untracked 
| 161|0x000000008a100000, 0x000000008a100000, 0x000000008a200000|  0%| F|  |TAMS 0x000000008a100000, 0x000000008a100000| Untracked 
| 162|0x000000008a200000, 0x000000008a200000, 0x000000008a300000|  0%| F|  |TAMS 0x000000008a200000, 0x000000008a200000| Untracked 
| 163|0x000000008a300000, 0x000000008a300000, 0x000000008a400000|  0%| F|  |TAMS 0x000000008a300000, 0x000000008a300000| Untracked 
| 164|0x000000008a400000, 0x000000008a400000, 0x000000008a500000|  0%| F|  |TAMS 0x000000008a400000, 0x000000008a400000| Untracked 
| 165|0x000000008a500000, 0x000000008a500000, 0x000000008a600000|  0%| F|  |TAMS 0x000000008a500000, 0x000000008a500000| Untracked 
| 166|0x000000008a600000, 0x000000008a600000, 0x000000008a700000|  0%| F|  |TAMS 0x000000008a600000, 0x000000008a600000| Untracked 
| 167|0x000000008a700000, 0x000000008a700000, 0x000000008a800000|  0%| F|  |TAMS 0x000000008a700000, 0x000000008a700000| Untracked 
| 168|0x000000008a800000, 0x000000008a800000, 0x000000008a900000|  0%| F|  |TAMS 0x000000008a800000, 0x000000008a800000| Untracked 
| 169|0x000000008a900000, 0x000000008a900000, 0x000000008aa00000|  0%| F|  |TAMS 0x000000008a900000, 0x000000008a900000| Untracked 
| 170|0x000000008aa00000, 0x000000008aa00000, 0x000000008ab00000|  0%| F|  |TAMS 0x000000008aa00000, 0x000000008aa00000| Untracked 
| 171|0x000000008ab00000, 0x000000008ab00000, 0x000000008ac00000|  0%| F|  |TAMS 0x000000008ab00000, 0x000000008ab00000| Untracked 
| 172|0x000000008ac00000, 0x000000008ac00000, 0x000000008ad00000|  0%| F|  |TAMS 0x000000008ac00000, 0x000000008ac00000| Untracked 
| 173|0x000000008ad00000, 0x000000008ad00000, 0x000000008ae00000|  0%| F|  |TAMS 0x000000008ad00000, 0x000000008ad00000| Untracked 
| 174|0x000000008ae00000, 0x000000008ae00000, 0x000000008af00000|  0%| F|  |TAMS 0x000000008ae00000, 0x000000008ae00000| Untracked 
| 175|0x000000008af00000, 0x000000008af00000, 0x000000008b000000|  0%| F|  |TAMS 0x000000008af00000, 0x000000008af00000| Untracked 
| 176|0x000000008b000000, 0x000000008b000000, 0x000000008b100000|  0%| F|  |TAMS 0x000000008b000000, 0x000000008b000000| Untracked 
| 177|0x000000008b100000, 0x000000008b100000, 0x000000008b200000|  0%| F|  |TAMS 0x000000008b100000, 0x000000008b100000| Untracked 
| 178|0x000000008b200000, 0x000000008b200000, 0x000000008b300000|  0%| F|  |TAMS 0x000000008b200000, 0x000000008b200000| Untracked 
| 179|0x000000008b300000, 0x000000008b300000, 0x000000008b400000|  0%| F|  |TAMS 0x000000008b300000, 0x000000008b300000| Untracked 
| 180|0x000000008b400000, 0x000000008b400000, 0x000000008b500000|  0%| F|  |TAMS 0x000000008b400000, 0x000000008b400000| Untracked 
| 181|0x000000008b500000, 0x000000008b500000, 0x000000008b600000|  0%| F|  |TAMS 0x000000008b500000, 0x000000008b500000| Untracked 
| 182|0x000000008b600000, 0x000000008b600000, 0x000000008b700000|  0%| F|  |TAMS 0x000000008b600000, 0x000000008b600000| Untracked 
| 183|0x000000008b700000, 0x000000008b700000, 0x000000008b800000|  0%| F|  |TAMS 0x000000008b700000, 0x000000008b700000| Untracked 
| 184|0x000000008b800000, 0x000000008b800000, 0x000000008b900000|  0%| F|  |TAMS 0x000000008b800000, 0x000000008b800000| Untracked 
| 185|0x000000008b900000, 0x000000008b900000, 0x000000008ba00000|  0%| F|  |TAMS 0x000000008b900000, 0x000000008b900000| Untracked 
| 186|0x000000008ba00000, 0x000000008ba00000, 0x000000008bb00000|  0%| F|  |TAMS 0x000000008ba00000, 0x000000008ba00000| Untracked 
| 187|0x000000008bb00000, 0x000000008bb00000, 0x000000008bc00000|  0%| F|  |TAMS 0x000000008bb00000, 0x000000008bb00000| Untracked 
| 188|0x000000008bc00000, 0x000000008bc00000, 0x000000008bd00000|  0%| F|  |TAMS 0x000000008bc00000, 0x000000008bc00000| Untracked 
| 189|0x000000008bd00000, 0x000000008bd00000, 0x000000008be00000|  0%| F|  |TAMS 0x000000008bd00000, 0x000000008bd00000| Untracked 
| 190|0x000000008be00000, 0x000000008be00000, 0x000000008bf00000|  0%| F|  |TAMS 0x000000008be00000, 0x000000008be00000| Untracked 
| 191|0x000000008bf00000, 0x000000008bf96538, 0x000000008c000000| 58%| E|  |TAMS 0x000000008bf00000, 0x000000008bf00000| Complete 
| 192|0x000000008c000000, 0x000000008c100000, 0x000000008c100000|100%| E|CS|TAMS 0x000000008c000000, 0x000000008c000000| Complete 
| 193|0x000000008c100000, 0x000000008c200000, 0x000000008c200000|100%| E|CS|TAMS 0x000000008c100000, 0x000000008c100000| Complete 
| 194|0x000000008c200000, 0x000000008c300000, 0x000000008c300000|100%| E|CS|TAMS 0x000000008c200000, 0x000000008c200000| Complete 

Card table byte_map: [0x000001bed8dc0000,0x000001bed91c0000] _byte_map_base: 0x000001bed89c0000

Marking Bits (Prev, Next): (CMBitMap*) 0x000001bec549c638, (CMBitMap*) 0x000001bec549c670
 Prev Bits: [0x000001bed95c0000, 0x000001bedb5c0000)
 Next Bits: [0x000001bedb5c0000, 0x000001bedd5c0000)

Polling page: 0x000001bec3bc0000

Metaspace:

Usage:
  Non-class:     83.40 MB capacity,    81.86 MB ( 98%) used,     1.27 MB (  2%) free+waste,   273.81 KB ( <1%) overhead. 
      Class:     13.03 MB capacity,    12.15 MB ( 93%) used,   782.36 KB (  6%) free+waste,   126.69 KB ( <1%) overhead. 
       Both:     96.43 MB capacity,    94.00 MB ( 97%) used,     2.04 MB (  2%) free+waste,   400.50 KB ( <1%) overhead. 

Virtual space:
  Non-class space:       84.00 MB reserved,      83.57 MB (>99%) committed 
      Class space:        1.00 GB reserved,      13.13 MB (  1%) committed 
             Both:        1.08 GB reserved,      96.70 MB (  9%) committed 

Chunk freelists:
   Non-Class:  46.00 KB
       Class:  0 bytes
        Both:  46.00 KB

MaxMetaspaceSize: 17179869184.00 GB
CompressedClassSpaceSize: 1.00 GB

CodeHeap 'non-profiled nmethods': size=120000Kb used=5028Kb max_used=5028Kb free=114971Kb
 bounds [0x000001bed0a30000, 0x000001bed0f20000, 0x000001bed7f60000]
CodeHeap 'profiled nmethods': size=120000Kb used=21658Kb max_used=21658Kb free=98341Kb
 bounds [0x000001bec9500000, 0x000001becaa30000, 0x000001bed0a30000]
CodeHeap 'non-nmethods': size=5760Kb used=2310Kb max_used=2352Kb free=3449Kb
 bounds [0x000001bec8f60000, 0x000001bec91d0000, 0x000001bec9500000]
 total_blobs=11230 nmethods=10313 adapters=825
 compilation: enabled
              stopped_count=0, restarted_count=0
 full_count=0

Compilation events (20 events):
Event: 55.356 Thread 0x000001bee0012800 10554       3       org.gradle.internal.snapshot.impl.DirectorySnapshotterStatistics$Collector::recordVisitDirectory (9 bytes)
Event: 55.356 Thread 0x000001bee0012800 nmethod 10554 0x000001becaa18c90 code [0x000001becaa18e40, 0x000001becaa18fb8]
Event: 55.358 Thread 0x000001bee0012800 10556       3       org.gradle.internal.snapshot.impl.DirectorySnapshotterStatistics$CollectingFileVisitor::postVisitDirectory (10 bytes)
Event: 55.359 Thread 0x000001bee0012800 nmethod 10556 0x000001becaa19090 code [0x000001becaa19260, 0x000001becaa19568]
Event: 55.359 Thread 0x000001bee0012800 10557       3       org.gradle.internal.snapshot.impl.DirectorySnapshotterStatistics$CollectingFileVisitor::postVisitDirectory (7 bytes)
Event: 55.359 Thread 0x000001bee0012800 nmethod 10557 0x000001becaa19690 code [0x000001becaa19840, 0x000001becaa199e8]
Event: 55.360 Thread 0x000001bee0012800 10558       3       org.gradle.internal.snapshot.MerkleDirectorySnapshotBuilder$Directory::fold (145 bytes)
Event: 55.366 Thread 0x000001bee0012800 nmethod 10558 0x000001becaa19a90 code [0x000001becaa19fe0, 0x000001becaa1cf08]
Event: 55.366 Thread 0x000001bee0012800 10559       3       org.gradle.internal.snapshot.MerkleDirectorySnapshotBuilder::access$100 (4 bytes)
Event: 55.366 Thread 0x000001bee0012800 nmethod 10559 0x000001becaa1e090 code [0x000001becaa1e240, 0x000001becaa1e338]
Event: 55.366 Thread 0x000001bee0012800 10560       3       org.gradle.internal.snapshot.impl.DirectorySnapshotter$PathVisitor::doPostVisitDirectory (60 bytes)
Event: 55.369 Thread 0x000001bee0012800 nmethod 10560 0x000001becaa1e410 code [0x000001becaa1e740, 0x000001becaa1fb38]
Event: 55.371 Thread 0x000001bee0012800 10561       3       sun.misc.Unsafe::compareAndSwapLong (13 bytes)
Event: 55.371 Thread 0x000001bee0012800 nmethod 10561 0x000001becaa20190 code [0x000001becaa20340, 0x000001becaa20458]
Event: 55.373 Thread 0x000001bee0012800 10562       3       org.gradle.internal.hash.Hashing$MessageDigestHasher::<init> (25 bytes)
Event: 55.373 Thread 0x000001bee0012800 nmethod 10562 0x000001becaa20510 code [0x000001becaa20700, 0x000001becaa20bb8]
Event: 55.386 Thread 0x000001bee0012800 10563       3       org.gradle.internal.hash.Hashing$MessageDigestHasher::update (28 bytes)
Event: 55.387 Thread 0x000001bee0012800 nmethod 10563 0x000001becaa20d90 code [0x000001becaa20fc0, 0x000001becaa21648]
Event: 55.387 Thread 0x000001bee0012800 10564       3       org.gradle.internal.hash.Hashing$MessageDigestHasher::castBuffer (2 bytes)
Event: 55.388 Thread 0x000001bee0012800 nmethod 10564 0x000001becaa21910 code [0x000001becaa21ac0, 0x000001becaa21b98]

GC Heap History (20 events):
Event: 46.957 GC heap before
{Heap before GC invocations=50 (full 0):
 garbage-first heap   total 138240K, used 102808K [0x0000000080000000, 0x0000000100000000)
  region size 1024K, 4 young (4096K), 2 survivors (2048K)
 Metaspace       used 82190K, capacity 84220K, committed 84552K, reserved 1122304K
  class space    used 10665K, capacity 11401K, committed 11520K, reserved 1048576K
}
Event: 46.966 GC heap after
{Heap after GC invocations=51 (full 0):
 garbage-first heap   total 165888K, used 103886K [0x0000000080000000, 0x0000000100000000)
  region size 1024K, 2 young (2048K), 2 survivors (2048K)
 Metaspace       used 82190K, capacity 84220K, committed 84552K, reserved 1122304K
  class space    used 10665K, capacity 11401K, committed 11520K, reserved 1048576K
}
Event: 48.282 GC heap before
{Heap before GC invocations=52 (full 0):
 garbage-first heap   total 165888K, used 130510K [0x0000000080000000, 0x0000000100000000)
  region size 1024K, 24 young (24576K), 2 survivors (2048K)
 Metaspace       used 83290K, capacity 85455K, committed 85704K, reserved 1124352K
  class space    used 10811K, capacity 11553K, committed 11648K, reserved 1048576K
}
Event: 48.293 GC heap after
{Heap after GC invocations=53 (full 0):
 garbage-first heap   total 165888K, used 111758K [0x0000000080000000, 0x0000000100000000)
  region size 1024K, 3 young (3072K), 3 survivors (3072K)
 Metaspace       used 83290K, capacity 85455K, committed 85704K, reserved 1124352K
  class space    used 10811K, capacity 11553K, committed 11648K, reserved 1048576K
}
Event: 49.058 GC heap before
{Heap before GC invocations=53 (full 0):
 garbage-first heap   total 165888K, used 131214K [0x0000000080000000, 0x0000000100000000)
  region size 1024K, 23 young (23552K), 3 survivors (3072K)
 Metaspace       used 83999K, capacity 86230K, committed 86344K, reserved 1124352K
  class space    used 10901K, capacity 11697K, committed 11776K, reserved 1048576K
}
Event: 49.065 GC heap after
{Heap after GC invocations=54 (full 0):
 garbage-first heap   total 165888K, used 113321K [0x0000000080000000, 0x0000000100000000)
  region size 1024K, 2 young (2048K), 2 survivors (2048K)
 Metaspace       used 83999K, capacity 86230K, committed 86344K, reserved 1124352K
  class space    used 10901K, capacity 11697K, committed 11776K, reserved 1048576K
}
Event: 49.305 GC heap before
{Heap before GC invocations=55 (full 0):
 garbage-first heap   total 165888K, used 120489K [0x0000000080000000, 0x0000000100000000)
  region size 1024K, 11 young (11264K), 2 survivors (2048K)
 Metaspace       used 85269K, capacity 87458K, committed 87752K, reserved 1126400K
  class space    used 11044K, capacity 11827K, committed 11904K, reserved 1048576K
}
Event: 49.311 GC heap after
{Heap after GC invocations=56 (full 0):
 garbage-first heap   total 165888K, used 114088K [0x0000000080000000, 0x0000000100000000)
  region size 1024K, 3 young (3072K), 3 survivors (3072K)
 Metaspace       used 85269K, capacity 87458K, committed 87752K, reserved 1126400K
  class space    used 11044K, capacity 11827K, committed 11904K, reserved 1048576K
}
Event: 50.042 GC heap before
{Heap before GC invocations=57 (full 0):
 garbage-first heap   total 165888K, used 134568K [0x0000000080000000, 0x0000000100000000)
  region size 1024K, 22 young (22528K), 3 survivors (3072K)
 Metaspace       used 87625K, capacity 89842K, committed 90056K, reserved 1128448K
  class space    used 11277K, capacity 12088K, committed 12160K, reserved 1048576K
}
Event: 50.049 GC heap after
{Heap after GC invocations=58 (full 0):
 garbage-first heap   total 165888K, used 114252K [0x0000000080000000, 0x0000000100000000)
  region size 1024K, 1 young (1024K), 1 survivors (1024K)
 Metaspace       used 87625K, capacity 89842K, committed 90056K, reserved 1128448K
  class space    used 11277K, capacity 12088K, committed 12160K, reserved 1048576K
}
Event: 51.611 GC heap before
{Heap before GC invocations=58 (full 0):
 garbage-first heap   total 165888K, used 134732K [0x0000000080000000, 0x0000000100000000)
  region size 1024K, 21 young (21504K), 1 survivors (1024K)
 Metaspace       used 89616K, capacity 91803K, committed 91848K, reserved 1128448K
  class space    used 11591K, capacity 12391K, committed 12416K, reserved 1048576K
}
Event: 51.622 GC heap after
{Heap after GC invocations=59 (full 0):
 garbage-first heap   total 165888K, used 114951K [0x0000000080000000, 0x0000000100000000)
  region size 1024K, 2 young (2048K), 2 survivors (2048K)
 Metaspace       used 89616K, capacity 91803K, committed 91848K, reserved 1128448K
  class space    used 11591K, capacity 12391K, committed 12416K, reserved 1048576K
}
Event: 52.949 GC heap before
{Heap before GC invocations=60 (full 0):
 garbage-first heap   total 165888K, used 135431K [0x0000000080000000, 0x0000000100000000)
  region size 1024K, 22 young (22528K), 2 survivors (2048K)
 Metaspace       used 93305K, capacity 95557K, committed 95688K, reserved 1132544K
  class space    used 12005K, capacity 12825K, committed 12928K, reserved 1048576K
}
Event: 52.956 GC heap after
{Heap after GC invocations=61 (full 0):
 garbage-first heap   total 165888K, used 115996K [0x0000000080000000, 0x0000000100000000)
  region size 1024K, 3 young (3072K), 3 survivors (3072K)
 Metaspace       used 93305K, capacity 95557K, committed 95688K, reserved 1132544K
  class space    used 12005K, capacity 12825K, committed 12928K, reserved 1048576K
}
Event: 53.613 GC heap before
{Heap before GC invocations=61 (full 0):
 garbage-first heap   total 165888K, used 137500K [0x0000000080000000, 0x0000000100000000)
  region size 1024K, 24 young (24576K), 3 survivors (3072K)
 Metaspace       used 94907K, capacity 97126K, committed 97352K, reserved 1134592K
  class space    used 12215K, capacity 13021K, committed 13056K, reserved 1048576K
}
Event: 53.629 GC heap after
{Heap after GC invocations=62 (full 0):
 garbage-first heap   total 165888K, used 117860K [0x0000000080000000, 0x0000000100000000)
  region size 1024K, 3 young (3072K), 3 survivors (3072K)
 Metaspace       used 94907K, capacity 97126K, committed 97352K, reserved 1134592K
  class space    used 12215K, capacity 13021K, committed 13056K, reserved 1048576K
}
Event: 54.617 GC heap before
{Heap before GC invocations=63 (full 0):
 garbage-first heap   total 165888K, used 138340K [0x0000000080000000, 0x0000000100000000)
  region size 1024K, 23 young (23552K), 3 survivors (3072K)
 Metaspace       used 96041K, capacity 98467K, committed 98760K, reserved 1134592K
  class space    used 12412K, capacity 13315K, committed 13440K, reserved 1048576K
}
Event: 54.628 GC heap after
{Heap after GC invocations=64 (full 0):
 garbage-first heap   total 165888K, used 119936K [0x0000000080000000, 0x0000000100000000)
  region size 1024K, 3 young (3072K), 3 survivors (3072K)
 Metaspace       used 96041K, capacity 98467K, committed 98760K, reserved 1134592K
  class space    used 12412K, capacity 13315K, committed 13440K, reserved 1048576K
}
Event: 55.242 GC heap before
{Heap before GC invocations=64 (full 0):
 garbage-first heap   total 165888K, used 138368K [0x0000000080000000, 0x0000000100000000)
  region size 1024K, 22 young (22528K), 3 survivors (3072K)
 Metaspace       used 96247K, capacity 98748K, committed 99016K, reserved 1134592K
  class space    used 12436K, capacity 13346K, committed 13440K, reserved 1048576K
}
Event: 55.259 GC heap after
{Heap after GC invocations=65 (full 0):
 garbage-first heap   total 199680K, used 122702K [0x0000000080000000, 0x0000000100000000)
  region size 1024K, 3 young (3072K), 3 survivors (3072K)
 Metaspace       used 96247K, capacity 98748K, committed 99016K, reserved 1134592K
  class space    used 12436K, capacity 13346K, committed 13440K, reserved 1048576K
}

Deoptimization events (20 events):
Event: 54.719 Thread 0x000001bee304d000 DEOPT PACKING pc=0x000001bed0d33028 sp=0x000000990f9fb6b0
Event: 54.719 Thread 0x000001bee304d000 DEOPT UNPACKING pc=0x000001bec8f8662f sp=0x000000990f9fb610 mode 2
Event: 54.823 Thread 0x000001bee5059800 Uncommon trap: trap_request=0xffffffd6 fr.pc=0x000001bed0f05b28 relative=0x00000000000006e8
Event: 54.823 Thread 0x000001bee5059800 Uncommon trap: reason=array_check action=maybe_recompile pc=0x000001bed0f05b28 method=java.util.TimSort.binarySort([Ljava/lang/Object;IIILjava/util/Comparator;)V @ 215 c2
Event: 54.823 Thread 0x000001bee5059800 DEOPT PACKING pc=0x000001bed0f05b28 sp=0x00000099109fdd60
Event: 54.823 Thread 0x000001bee5059800 DEOPT UNPACKING pc=0x000001bec8f8662f sp=0x00000099109fdd08 mode 2
Event: 54.835 Thread 0x000001bee1bcb000 Uncommon trap: trap_request=0xffffffd6 fr.pc=0x000001bed0f05b28 relative=0x00000000000006e8
Event: 54.835 Thread 0x000001bee1bcb000 Uncommon trap: reason=array_check action=maybe_recompile pc=0x000001bed0f05b28 method=java.util.TimSort.binarySort([Ljava/lang/Object;IIILjava/util/Comparator;)V @ 215 c2
Event: 54.835 Thread 0x000001bee1bcb000 DEOPT PACKING pc=0x000001bed0f05b28 sp=0x000000990dafdae0
Event: 54.835 Thread 0x000001bee1bcb000 DEOPT UNPACKING pc=0x000001bec8f8662f sp=0x000000990dafda88 mode 2
Event: 54.962 Thread 0x000001bee1bcb000 DEOPT PACKING pc=0x000001beca76b6c4 sp=0x000000990dafd550
Event: 54.962 Thread 0x000001bee1bcb000 DEOPT UNPACKING pc=0x000001bec8f86dde sp=0x000000990dafcaf0 mode 0
Event: 54.972 Thread 0x000001bee35c5000 Uncommon trap: trap_request=0xffffff4d fr.pc=0x000001bed0da638c relative=0x000000000000024c
Event: 54.972 Thread 0x000001bee35c5000 Uncommon trap: reason=unstable_if action=reinterpret pc=0x000001bed0da638c method=java.util.concurrent.ConcurrentHashMap.get(Ljava/lang/Object;)Ljava/lang/Object; @ 86 c2
Event: 54.972 Thread 0x000001bee35c5000 DEOPT PACKING pc=0x000001bed0da638c sp=0x000000990befdc60
Event: 54.972 Thread 0x000001bee35c5000 DEOPT UNPACKING pc=0x000001bec8f8662f sp=0x000000990befdbd8 mode 2
Event: 55.139 Thread 0x000001bee5923800 DEOPT PACKING pc=0x000001beca76b6c4 sp=0x000000990e9fd200
Event: 55.139 Thread 0x000001bee5923800 DEOPT UNPACKING pc=0x000001bec8f86dde sp=0x000000990e9fc7a0 mode 0
Event: 55.234 Thread 0x000001bee0ac0800 DEOPT PACKING pc=0x000001beca9d80b1 sp=0x000000990a2f5d10
Event: 55.235 Thread 0x000001bee0ac0800 DEOPT UNPACKING pc=0x000001bec8f86dde sp=0x000000990a2f51d8 mode 0

Classes redefined (0 events):
No events

Internal exceptions (20 events):
Event: 49.178 Thread 0x000001bee0ac0800 Exception <a 'java/lang/NoSuchMethodError'{0x0000000089e99c60}: <clinit>> (0x0000000089e99c60) thrown at [./src/hotspot/share/prims/jni.cpp, line 1362]
Event: 49.854 Thread 0x000001bee0ac0800 Exception <a 'sun/nio/fs/WindowsException'{0x0000000088fa0778}> (0x0000000088fa0778) thrown at [./src/hotspot/share/prims/jni.cpp, line 615]
Event: 49.857 Thread 0x000001bee0ac0800 Exception <a 'sun/nio/fs/WindowsException'{0x0000000088fa0b50}> (0x0000000088fa0b50) thrown at [./src/hotspot/share/prims/jni.cpp, line 615]
Event: 50.307 Thread 0x000001bee0ac0800 Exception <a 'java/lang/NullPointerException'{0x0000000089b74448}> (0x0000000089b74448) thrown at [./src/hotspot/share/interpreter/linkResolver.cpp, line 1440]
Event: 50.468 Thread 0x000001bee0abf800 Implicit null exception at 0x000001bed0a63af4 to 0x000001bed0a6406c
Event: 50.469 Thread 0x000001bee0abf800 Implicit null exception at 0x000001bed0dfb314 to 0x000001bed0dfb950
Event: 51.907 Thread 0x000001bee0ac0800 Exception <a 'java/lang/NoSuchMethodError'{0x0000000089f38bc8}: 'int java.lang.invoke.DirectMethodHandle$Holder.invokeStatic(java.lang.Object, java.lang.Object, int, java.lang.Object)'> (0x0000000089f38bc8) thrown at [./src/hotspot/share/interpreter/linkResolver.cpp, line 773]
Event: 52.126 Thread 0x000001bee0ac0800 Exception <a 'sun/nio/fs/WindowsException'{0x0000000089e6b778}> (0x0000000089e6b778) thrown at [./src/hotspot/share/prims/jni.cpp, line 615]
Event: 52.127 Thread 0x000001bee0ac0800 Exception <a 'sun/nio/fs/WindowsException'{0x0000000089e6c858}> (0x0000000089e6c858) thrown at [./src/hotspot/share/prims/jni.cpp, line 615]
Event: 52.127 Thread 0x000001bee0ac0800 Exception <a 'sun/nio/fs/WindowsException'{0x0000000089e6d988}> (0x0000000089e6d988) thrown at [./src/hotspot/share/prims/jni.cpp, line 615]
Event: 52.127 Thread 0x000001bee0ac0800 Exception <a 'sun/nio/fs/WindowsException'{0x0000000089e6eab8}> (0x0000000089e6eab8) thrown at [./src/hotspot/share/prims/jni.cpp, line 615]
Event: 52.850 Thread 0x000001bee0ac0800 Exception <a 'java/lang/reflect/InvocationTargetException'{0x0000000089089dc8}> (0x0000000089089dc8) thrown at [./src/hotspot/share/runtime/reflection.cpp, line 1247]
Event: 54.282 Thread 0x000001bee0ac0800 Exception <a 'java/lang/NoSuchMethodError'{0x000000008984a9f8}: 'java.lang.Object java.lang.invoke.Invokers$Holder.linkToTargetMethod(java.lang.Object, java.lang.Object, java.lang.Object, int, java.lang.Object, java.lang.Object)'> (0x000000008984a9f8) thrown at [./src/hotspot/share/interpreter/linkResolver.cpp, line 773]
Event: 54.390 Thread 0x000001bee35c0800 Exception <a 'java/lang/IncompatibleClassChangeError'{0x00000000896d2150}: Found class java.lang.Object, but interface was expected> (0x00000000896d2150) thrown at [./src/hotspot/share/interpreter/linkResolver.cpp, line 839]
Event: 54.415 Thread 0x000001bee35c0800 Exception <a 'java/lang/NoSuchMethodError'{0x0000000089471048}: 'java.lang.Object java.lang.invoke.DirectMethodHandle$Holder.invokeSpecialIFC(java.lang.Object, java.lang.Object, java.lang.Object)'> (0x0000000089471048) thrown at [./src/hotspot/share/interpreter/linkResolver.cpp, line 773]
Event: 54.415 Thread 0x000001bee1bca000 Exception <a 'java/lang/NoSuchMethodError'{0x000000008969ecc0}: 'java.lang.Object java.lang.invoke.DirectMethodHandle$Holder.invokeSpecialIFC(java.lang.Object, java.lang.Object, java.lang.Object)'> (0x000000008969ecc0) thrown at [./src/hotspot/share/interpreter/linkResolver.cpp, line 773]
Event: 54.415 Thread 0x000001bee5919800 Exception <a 'java/lang/NoSuchMethodError'{0x0000000089474b70}: 'java.lang.Object java.lang.invoke.DirectMethodHandle$Holder.invokeSpecialIFC(java.lang.Object, java.lang.Object, java.lang.Object)'> (0x0000000089474b70) thrown at [./src/hotspot/share/interpreter/linkResolver.cpp, line 773]
Event: 54.499 Thread 0x000001bee35c0800 Exception <a 'java/lang/IncompatibleClassChangeError'{0x0000000089267798}: Found class java.lang.Object, but interface was expected> (0x0000000089267798) thrown at [./src/hotspot/share/interpreter/linkResolver.cpp, line 839]
Event: 54.499 Thread 0x000001bee0ac0800 Exception <a 'java/lang/IncompatibleClassChangeError'{0x00000000892882d0}: Found class java.lang.Object, but interface was expected> (0x00000000892882d0) thrown at [./src/hotspot/share/interpreter/linkResolver.cpp, line 839]
Event: 54.571 Thread 0x000001bee1bca000 Exception <a 'java/lang/NoSuchMethodError'{0x0000000088f7bd50}: 'int java.lang.invoke.DirectMethodHandle$Holder.invokeStaticInit(java.lang.Object, java.lang.Object, java.lang.Object, java.lang.Object, java.lang.Object)'> (0x0000000088f7bd50) thrown at [./src/hotspot/share/interpreter/linkResolver.cpp, line 773]

Events (20 events):
Event: 55.011 Executing VM operation: RevokeBias
Event: 55.012 Executing VM operation: RevokeBias done
Event: 55.015 Executing VM operation: RevokeBias
Event: 55.016 Executing VM operation: RevokeBias done
Event: 55.028 Executing VM operation: RevokeBias
Event: 55.029 Executing VM operation: RevokeBias done
Event: 55.030 Executing VM operation: RevokeBias
Event: 55.031 Executing VM operation: RevokeBias done
Event: 55.033 Executing VM operation: RevokeBias
Event: 55.034 Executing VM operation: RevokeBias done
Event: 55.079 Executing VM operation: RevokeBias
Event: 55.080 Executing VM operation: RevokeBias done
Event: 55.085 Executing VM operation: RevokeBias
Event: 55.086 Executing VM operation: RevokeBias done
Event: 55.142 Executing VM operation: BulkRevokeBias
Event: 55.147 Executing VM operation: BulkRevokeBias done
Event: 55.230 Loaded shared library C:\Program Files\Android\Android Studio\jre\bin\nio.dll
Event: 55.242 Executing VM operation: G1CollectForAllocation
Event: 55.259 Executing VM operation: G1CollectForAllocation done
Event: 55.332 Loaded shared library C:\Program Files\Android\Android Studio\jre\bin\nio.dll


Dynamic libraries:
0x00007ff6f41c0000 - 0x00007ff6f41ca000 	C:\Program Files\Android\Android Studio\jre\bin\java.exe
0x00007ffec6e90000 - 0x00007ffec7085000 	C:\WINDOWS\SYSTEM32\ntdll.dll
0x00007ffec5ef0000 - 0x00007ffec5fae000 	C:\WINDOWS\System32\KERNEL32.DLL
0x00007ffec4b10000 - 0x00007ffec4dd8000 	C:\WINDOWS\System32\KERNELBASE.dll
0x00007ffec4640000 - 0x00007ffec4740000 	C:\WINDOWS\System32\ucrtbase.dll
0x00007ffe9ca90000 - 0x00007ffe9caa9000 	C:\Program Files\Android\Android Studio\jre\bin\jli.dll
0x00007ffec6040000 - 0x00007ffec61e0000 	C:\WINDOWS\System32\USER32.dll
0x00007ffec4890000 - 0x00007ffec48b2000 	C:\WINDOWS\System32\win32u.dll
0x00007ffec55d0000 - 0x00007ffec55fa000 	C:\WINDOWS\System32\GDI32.dll
0x00007ffec4de0000 - 0x00007ffec4eeb000 	C:\WINDOWS\System32\gdi32full.dll
0x00007ffec4910000 - 0x00007ffec49ad000 	C:\WINDOWS\System32\msvcp_win.dll
0x00007ffea4cb0000 - 0x00007ffea4cc7000 	C:\Program Files\Android\Android Studio\jre\bin\VCRUNTIME140.dll
0x00007ffeae7c0000 - 0x00007ffeaea5a000 	C:\WINDOWS\WinSxS\amd64_microsoft.windows.common-controls_6595b64144ccf1df_6.0.19041.1110_none_60b5254171f9507e\COMCTL32.dll
0x00007ffec5530000 - 0x00007ffec55ce000 	C:\WINDOWS\System32\msvcrt.dll
0x00007ffec59e0000 - 0x00007ffec5a10000 	C:\WINDOWS\System32\IMM32.DLL
0x00007ffe62be0000 - 0x00007ffe62c7d000 	C:\Program Files\Android\Android Studio\jre\bin\msvcp140.dll
0x00007ffe3a3f0000 - 0x00007ffe3aec5000 	C:\Program Files\Android\Android Studio\jre\bin\server\jvm.dll
0x00007ffec4ef0000 - 0x00007ffec4f9e000 	C:\WINDOWS\System32\ADVAPI32.dll
0x00007ffec5800000 - 0x00007ffec589c000 	C:\WINDOWS\System32\sechost.dll
0x00007ffec6d20000 - 0x00007ffec6e45000 	C:\WINDOWS\System32\RPCRT4.dll
0x00007ffec61e0000 - 0x00007ffec61e8000 	C:\WINDOWS\System32\PSAPI.DLL
0x00007ffec1960000 - 0x00007ffec1969000 	C:\WINDOWS\SYSTEM32\WSOCK32.dll
0x00007ffec6420000 - 0x00007ffec648b000 	C:\WINDOWS\System32\WS2_32.dll
0x00007ffeba2d0000 - 0x00007ffeba2f7000 	C:\WINDOWS\SYSTEM32\WINMM.dll
0x00007ffebd6d0000 - 0x00007ffebd6da000 	C:\WINDOWS\SYSTEM32\VERSION.dll
0x00007ffec2eb0000 - 0x00007ffec2ec2000 	C:\WINDOWS\SYSTEM32\kernel.appcore.dll
0x00007ffeba240000 - 0x00007ffeba251000 	C:\Program Files\Android\Android Studio\jre\bin\verify.dll
0x00007ffec2b20000 - 0x00007ffec2d04000 	C:\WINDOWS\SYSTEM32\DBGHELP.DLL
0x00007ffeaa7b0000 - 0x00007ffeaa7dc000 	C:\WINDOWS\SYSTEM32\dbgcore.DLL
0x00007ffec45b0000 - 0x00007ffec4632000 	C:\WINDOWS\System32\bcryptPrimitives.dll
0x00007ffeb2280000 - 0x00007ffeb22a9000 	C:\Program Files\Android\Android Studio\jre\bin\java.dll
0x00007ffebfca0000 - 0x00007ffebfcab000 	C:\Program Files\Android\Android Studio\jre\bin\jimage.dll
0x00007ffeaaf90000 - 0x00007ffeaafa8000 	C:\Program Files\Android\Android Studio\jre\bin\zip.dll
0x00007ffec65d0000 - 0x00007ffec6d14000 	C:\WINDOWS\System32\SHELL32.dll
0x00007ffec2250000 - 0x00007ffec29e4000 	C:\WINDOWS\SYSTEM32\windows.storage.dll
0x00007ffec5a10000 - 0x00007ffec5d64000 	C:\WINDOWS\System32\combase.dll
0x00007ffec3f50000 - 0x00007ffec3f7c000 	C:\WINDOWS\SYSTEM32\Wldp.dll
0x00007ffec6520000 - 0x00007ffec65cd000 	C:\WINDOWS\System32\SHCORE.dll
0x00007ffec5e90000 - 0x00007ffec5ee5000 	C:\WINDOWS\System32\shlwapi.dll
0x00007ffec44f0000 - 0x00007ffec450f000 	C:\WINDOWS\SYSTEM32\profapi.dll
0x00007ffea76c0000 - 0x00007ffea76da000 	C:\Program Files\Android\Android Studio\jre\bin\net.dll
0x00007ffeb9b00000 - 0x00007ffeb9c0a000 	C:\WINDOWS\SYSTEM32\WINHTTP.dll
0x00007ffec3cb0000 - 0x00007ffec3d1a000 	C:\WINDOWS\system32\mswsock.dll
0x00007ffea7430000 - 0x00007ffea7444000 	C:\Program Files\Android\Android Studio\jre\bin\nio.dll
0x00007ffe6f500000 - 0x00007ffe6f527000 	C:\Users\BAS-PC\.gradle\native\e1d6ef7f7dcc3fd88c89a11ec53ec762bb8ba0a96d01ffa2cd45eb1d1d8dd5c5\windows-amd64\native-platform.dll
0x00007ffe57040000 - 0x00007ffe57184000 	C:\Users\BAS-PC\.gradle\native\5664cfc778a61ccfe75a443a1ab52a65af34e5dc3c78e0209fed803814484fcb\windows-amd64\native-platform-file-events.dll
0x00007ffebfc50000 - 0x00007ffebfc5a000 	C:\Program Files\Android\Android Studio\jre\bin\management.dll
0x00007ffeb2430000 - 0x00007ffeb243d000 	C:\Program Files\Android\Android Studio\jre\bin\management_ext.dll
0x00007ffec3eb0000 - 0x00007ffec3ec8000 	C:\WINDOWS\SYSTEM32\CRYPTSP.dll
0x00007ffec3630000 - 0x00007ffec3664000 	C:\WINDOWS\system32\rsaenh.dll
0x00007ffec4860000 - 0x00007ffec4887000 	C:\WINDOWS\System32\bcrypt.dll
0x00007ffec44b0000 - 0x00007ffec44de000 	C:\WINDOWS\SYSTEM32\USERENV.dll
0x00007ffec3ea0000 - 0x00007ffec3eac000 	C:\WINDOWS\SYSTEM32\CRYPTBASE.dll
0x00007ffec39a0000 - 0x00007ffec39db000 	C:\WINDOWS\SYSTEM32\IPHLPAPI.DLL
0x00007ffec6030000 - 0x00007ffec6038000 	C:\WINDOWS\System32\NSI.dll
0x00007ffebd740000 - 0x00007ffebd757000 	C:\WINDOWS\SYSTEM32\dhcpcsvc6.DLL
0x00007ffebd720000 - 0x00007ffebd73d000 	C:\WINDOWS\SYSTEM32\dhcpcsvc.DLL
0x00007ffec39e0000 - 0x00007ffec3aab000 	C:\WINDOWS\SYSTEM32\DNSAPI.dll

dbghelp: loaded successfully - version: 4.0.5 - missing functions: none
symbol engine: initialized successfully - sym options: 0x614 - pdb path: .;C:\Program Files\Android\Android Studio\jre\bin;C:\WINDOWS\SYSTEM32;C:\WINDOWS\WinSxS\amd64_microsoft.windows.common-controls_6595b64144ccf1df_6.0.19041.1110_none_60b5254171f9507e;C:\Program Files\Android\Android Studio\jre\bin\server;C:\Users\BAS-PC\.gradle\native\e1d6ef7f7dcc3fd88c89a11ec53ec762bb8ba0a96d01ffa2cd45eb1d1d8dd5c5\windows-amd64;C:\Users\BAS-PC\.gradle\native\5664cfc778a61ccfe75a443a1ab52a65af34e5dc3c78e0209fed803814484fcb\windows-amd64

VM Arguments:
jvm_args: --add-opens=java.base/java.util=ALL-UNNAMED --add-opens=java.base/java.lang=ALL-UNNAMED --add-opens=java.base/java.lang.invoke=ALL-UNNAMED --add-opens=java.base/java.util=ALL-UNNAMED --add-opens=java.prefs/java.util.prefs=ALL-UNNAMED --add-opens=java.prefs/java.util.prefs=ALL-UNNAMED --add-opens=java.base/java.nio.charset=ALL-UNNAMED --add-opens=java.base/java.net=ALL-UNNAMED --add-opens=java.base/java.util.concurrent.atomic=ALL-UNNAMED -Xmx2048m -Dfile.encoding=UTF-8 -Duser.country=US -Duser.language=en -Duser.variant 
java_command: org.gradle.launcher.daemon.bootstrap.GradleDaemon 7.2
java_class_path (initial): C:\Users\BAS-PC\.gradle\wrapper\dists\gradle-7.2-bin\2dnblmf4td7x66yl1d74lt32g\gradle-7.2\lib\gradle-launcher-7.2.jar
Launcher Type: SUN_STANDARD

[Global flags]
     intx CICompilerCount                          = 4                                         {product} {ergonomic}
     uint ConcGCThreads                            = 2                                         {product} {ergonomic}
     uint G1ConcRefinementThreads                  = 8                                         {product} {ergonomic}
   size_t G1HeapRegionSize                         = 1048576                                   {product} {ergonomic}
    uintx GCDrainStackTargetSize                   = 64                                        {product} {ergonomic}
   size_t InitialHeapSize                          = 117440512                                 {product} {ergonomic}
   size_t MarkStackSize                            = 4194304                                   {product} {ergonomic}
   size_t MaxHeapSize                              = 2147483648                                {product} {command line}
   size_t MaxNewSize                               = 1287651328                                {product} {ergonomic}
   size_t MinHeapDeltaBytes                        = 1048576                                   {product} {ergonomic}
    uintx NonNMethodCodeHeapSize                   = 5836300                                {pd product} {ergonomic}
    uintx NonProfiledCodeHeapSize                  = 122910970                              {pd product} {ergonomic}
    uintx ProfiledCodeHeapSize                     = 122910970                              {pd product} {ergonomic}
    uintx ReservedCodeCacheSize                    = 251658240                              {pd product} {ergonomic}
     bool SegmentedCodeCache                       = true                                      {product} {ergonomic}
     bool UseCompressedClassPointers               = true                                 {lp64_product} {ergonomic}
     bool UseCompressedOops                        = true                                 {lp64_product} {ergonomic}
     bool UseG1GC                                  = true                                      {product} {ergonomic}
     bool UseLargePagesIndividualAllocation        = false                                  {pd product} {ergonomic}

Logging:
Log output configuration:
 #0: stdout all=warning uptime,level,tags
 #1: stderr all=off uptime,level,tags

Environment Variables:
PATH=C:\Program Files\Common Files\Oracle\Java\javapath;C:\Program Files (x86)\Common Files\Oracle\Java\javapath;C:\WINDOWS\system32;C:\WINDOWS;C:\WINDOWS\System32\Wbem;C:\WINDOWS\System32\WindowsPowerShell\v1.0\;C:\WINDOWS\System32\OpenSSH\;C:\Program Files\MATLAB\R2022a\bin;C:\Program Files\Git\cmd;C:\Users\BAS-PC\AppData\Local\Microsoft\WindowsApps;C:\Users\BAS-PC\AppData\Local\Programs\Microsoft VS Code\bin
USERNAME=BAS-PC
OS=Windows_NT
PROCESSOR_IDENTIFIER=AMD64 Family 23 Model 17 Stepping 0, AuthenticAMD



---------------  S Y S T E M  ---------------

OS: Windows 10 , 64 bit Build 19041 (10.0.19041.1645)
OS uptime: 1 days 15:06 hours

CPU:total 8 (initial active 8) (8 cores per cpu, 2 threads per core) family 23 model 17 stepping 0 microcode 0x0, cmov, cx8, fxsr, mmx, sse, sse2, sse3, ssse3, sse4.1, sse4.2, popcnt, avx, avx2, aes, clmul, mmxext, 3dnowpref, lzcnt, sse4a, ht, tsc, tscinvbit, tscinv, bmi1, bmi2, adx, s

Memory: 4k page, system-wide physical 7123M (238M free)
TotalPageFile size 17160M (AvailPageFile size 4M)
current process WorkingSet (physical memory assigned to process): 353M, peak: 370M
current process commit charge ("private bytes"): 489M, peak: 490M

vm_info: OpenJDK 64-Bit Server VM (11.0.11+9-b60-7590822) for windows-amd64 JRE (11.0.11+9-b60-7590822), built on Jul 29 2021 21:43:44 by "builder" with MS VC++ 14.0 (VS2015)

END.
